#
# There is insufficient memory for the Java Runtime Environment to continue.
# Native memory allocation (malloc) failed to allocate 1458528 bytes. Error detail: Chunk::new
# Possible reasons:
#   The system is out of physical RAM or swap space
#   This process is running with CompressedOops enabled, and the Java Heap may be blocking the growth of the native heap
# Possible solutions:
#   Reduce memory load on the system
#   Increase physical memory or swap space
#   Check if swap backing store is full
#   Decrease Java heap size (-Xmx/-Xms)
#   Decrease number of Java threads
#   Decrease Java thread stack sizes (-Xss)
#   Set larger code cache with -XX:ReservedCodeCacheSize=
#   JVM is running with Unscaled Compressed Oops mode in which the Java heap is
#     placed in the first 4GB address space. The Java Heap base address is the
#     maximum limit for the native heap growth. Please use -XX:HeapBaseMinAddress
#     to set the Java Heap base and to place the Java Heap above 4GB virtual address.
# This output file may be truncated or incomplete.
#
#  Out of Memory Error (arena.cpp:191), pid=19800, tid=1856
#
# JRE version: OpenJDK Runtime Environment Temurin-17.0.16+8 (17.0.16+8) (build 17.0.16+8)
# Java VM: OpenJDK 64-Bit Server VM Temurin-17.0.16+8 (17.0.16+8, mixed mode, sharing, tiered, compressed oops, compressed class ptrs, g1 gc, windows-amd64)
# No core dump will be written. Minidumps are not enabled by default on client versions of Windows
#

---------------  S U M M A R Y ------------

Command Line: --add-opens=java.base/java.lang=ALL-UNNAMED --add-opens=java.base/java.lang.invoke=ALL-UNNAMED --add-opens=java.base/java.util=ALL-UNNAMED --add-opens=java.prefs/java.util.prefs=ALL-UNNAMED --add-exports=jdk.compiler/com.sun.tools.javac.api=ALL-UNNAMED --add-exports=jdk.compiler/com.sun.tools.javac.util=ALL-UNNAMED --add-opens=java.base/java.util=ALL-UNNAMED --add-opens=java.prefs/java.util.prefs=ALL-UNNAMED --add-opens=java.base/java.nio.charset=ALL-UNNAMED --add-opens=java.base/java.net=ALL-UNNAMED --add-opens=java.base/java.util.concurrent.atomic=ALL-UNNAMED --add-opens=java.xml/javax.xml.namespace=ALL-UNNAMED -Xmx2048m -Dfile.encoding=UTF-8 -Duser.country=CN -Duser.language=zh -Duser.variant -javaagent:C:\Users\LENOVO\.gradle\wrapper\dists\gradle-8.13-bin\5xuhj0ry160q40clulazy9h7d\gradle-8.13\lib\agents\gradle-instrumentation-agent-8.13.jar org.gradle.launcher.daemon.bootstrap.GradleDaemon 8.13

Host: Intel(R) Core(TM) i7-8650U CPU @ 1.90GHz, 8 cores, 15G,  Windows 11 , 64 bit Build 22000 (10.0.22000.2538)
Time: Fri May 15 18:45:39 2026  Windows 11 , 64 bit Build 22000 (10.0.22000.2538) elapsed time: 47.342573 seconds (0d 0h 0m 47s)

---------------  T H R E A D  ---------------

Current thread (0x0000010b7ce77580):  JavaThread "C2 CompilerThread0" daemon [_thread_in_native, id=1856, stack(0x0000000101200000,0x0000000101300000)]


Current CompileTask:
C2:  47342 2472       4       jdk.internal.org.objectweb.asm.Frame::execute (2305 bytes)

Stack: [0x0000000101200000,0x0000000101300000]
Native frames: (J=compiled Java code, j=interpreted, Vv=VM code, C=native code)
V  [jvm.dll+0x683169]
V  [jvm.dll+0x839ac8]
V  [jvm.dll+0x83b573]
V  [jvm.dll+0x83bbe3]
V  [jvm.dll+0x2473ff]
V  [jvm.dll+0xace94]
V  [jvm.dll+0xad52c]
V  [jvm.dll+0x365e0e]
V  [jvm.dll+0x1babb9]
V  [jvm.dll+0x218477]
V  [jvm.dll+0x21775f]
V  [jvm.dll+0x1a32a0]
V  [jvm.dll+0x227b3c]
V  [jvm.dll+0x225ccb]
V  [jvm.dll+0x7ef2d8]
V  [jvm.dll+0x7e979c]
V  [jvm.dll+0x682047]
C  [ucrtbase.dll+0x26c0c]
C  [KERNEL32.DLL+0x153e0]
C  [ntdll.dll+0x485b]


---------------  P R O C E S S  ---------------

Threads class SMR info:
_java_thread_list=0x0000010b7ddbdba0, length=22, elements={
0x0000010b5e8e2050, 0x0000010b7cde7a90, 0x0000010b7cde8720, 0x0000010b7cdfdd20,
0x0000010b7cdfe5f0, 0x0000010b7ce760b0, 0x0000010b7ce76980, 0x0000010b7ce77580,
0x0000010b7ce81a10, 0x0000010b7ceeab80, 0x0000010b7cdd04f0, 0x0000010b7d09daf0,
0x0000010b7da6c450, 0x0000010b7e807960, 0x0000010b7de36020, 0x0000010b7e4f25c0,
0x0000010b7e4ce460, 0x0000010b7db44240, 0x0000010b7ddd0030, 0x0000010b7ddd08e0,
0x0000010b7dfd7740, 0x0000010b7e4e8710
}

Java Threads: ( => current thread )
  0x0000010b5e8e2050 JavaThread "main" [_thread_blocked, id=2248, stack(0x0000000100500000,0x0000000100600000)]
  0x0000010b7cde7a90 JavaThread "Reference Handler" daemon [_thread_blocked, id=2536, stack(0x0000000100c00000,0x0000000100d00000)]
  0x0000010b7cde8720 JavaThread "Finalizer" daemon [_thread_blocked, id=15820, stack(0x0000000100d00000,0x0000000100e00000)]
  0x0000010b7cdfdd20 JavaThread "Signal Dispatcher" daemon [_thread_blocked, id=9032, stack(0x0000000100e00000,0x0000000100f00000)]
  0x0000010b7cdfe5f0 JavaThread "Attach Listener" daemon [_thread_blocked, id=18884, stack(0x0000000100f00000,0x0000000101000000)]
  0x0000010b7ce760b0 JavaThread "Service Thread" daemon [_thread_blocked, id=13460, stack(0x0000000101000000,0x0000000101100000)]
  0x0000010b7ce76980 JavaThread "Monitor Deflation Thread" daemon [_thread_blocked, id=12320, stack(0x0000000101100000,0x0000000101200000)]
=>0x0000010b7ce77580 JavaThread "C2 CompilerThread0" daemon [_thread_in_native, id=1856, stack(0x0000000101200000,0x0000000101300000)]
  0x0000010b7ce81a10 JavaThread "C1 CompilerThread0" daemon [_thread_blocked, id=16580, stack(0x0000000101300000,0x0000000101400000)]
  0x0000010b7ceeab80 JavaThread "Sweeper thread" daemon [_thread_blocked, id=4852, stack(0x0000000101400000,0x0000000101500000)]
  0x0000010b7cdd04f0 JavaThread "Common-Cleaner" daemon [_thread_blocked, id=17260, stack(0x0000000101500000,0x0000000101600000)]
  0x0000010b7d09daf0 JavaThread "Notification Thread" daemon [_thread_blocked, id=18012, stack(0x0000000101600000,0x0000000101700000)]
  0x0000010b7da6c450 JavaThread "Daemon health stats" [_thread_blocked, id=17868, stack(0x0000000101d00000,0x0000000101e00000)]
  0x0000010b7e807960 JavaThread "Incoming local TCP Connector on port 55025" [_thread_in_native, id=19972, stack(0x0000000101e00000,0x0000000101f00000)]
  0x0000010b7de36020 JavaThread "Daemon periodic checks" [_thread_blocked, id=14268, stack(0x0000000101f00000,0x0000000102000000)]
  0x0000010b7e4f25c0 JavaThread "Daemon" [_thread_blocked, id=19420, stack(0x0000000102100000,0x0000000102200000)]
  0x0000010b7e4ce460 JavaThread "Handler for socket connection from /127.0.0.1:55025 to /127.0.0.1:55027" [_thread_in_native, id=6008, stack(0x0000000102200000,0x0000000102300000)]
  0x0000010b7db44240 JavaThread "Cancel handler" [_thread_blocked, id=14712, stack(0x0000000102000000,0x0000000102100000)]
  0x0000010b7ddd0030 JavaThread "Daemon worker" [_thread_in_native_trans, id=16908, stack(0x0000000102300000,0x0000000102400000)]
  0x0000010b7ddd08e0 JavaThread "Asynchronous log dispatcher for DefaultDaemonConnection: socket connection from /127.0.0.1:55025 to /127.0.0.1:55027" [_thread_blocked, id=14884, stack(0x0000000102400000,0x0000000102500000)]
  0x0000010b7dfd7740 JavaThread "Stdin handler" [_thread_blocked, id=20040, stack(0x0000000102500000,0x0000000102600000)]
  0x0000010b7e4e8710 JavaThread "Daemon client event forwarder" [_thread_blocked, id=10132, stack(0x0000000102600000,0x0000000102700000)]

Other Threads:
  0x0000010b7cde41b0 VMThread "VM Thread" [stack: 0x0000000100b00000,0x0000000100c00000] [id=4812]
  0x0000010b5e8e2de0 WatcherThread [stack: 0x0000000101700000,0x0000000101800000] [id=17820]
  0x0000010b5e93cad0 GCTaskThread "GC Thread#0" [stack: 0x0000000100600000,0x0000000100700000] [id=3100]
  0x0000010b7d2fd920 GCTaskThread "GC Thread#1" [stack: 0x0000000101800000,0x0000000101900000] [id=19960]
  0x0000010b7d2fdbe0 GCTaskThread "GC Thread#2" [stack: 0x0000000101900000,0x0000000101a00000] [id=19964]
  0x0000010b7d2ac2c0 GCTaskThread "GC Thread#3" [stack: 0x0000000101a00000,0x0000000101b00000] [id=19936]
  0x0000010b7d2ac580 GCTaskThread "GC Thread#4" [stack: 0x0000000101b00000,0x0000000101c00000] [id=19900]
  0x0000010b7d2ac840 GCTaskThread "GC Thread#5" [stack: 0x0000000101c00000,0x0000000101d00000] [id=19864]
  0x0000010b5e94d930 ConcurrentGCThread "G1 Main Marker" [stack: 0x0000000100700000,0x0000000100800000] [id=14124]
  0x0000010b5e94f270 ConcurrentGCThread "G1 Conc#0" [stack: 0x0000000100800000,0x0000000100900000] [id=15720]
  0x0000010b7cc9c5d0 ConcurrentGCThread "G1 Refine#0" [stack: 0x0000000100900000,0x0000000100a00000] [id=16396]
  0x0000010b7cc9cf10 ConcurrentGCThread "G1 Service" [stack: 0x0000000100a00000,0x0000000100b00000] [id=17632]

Threads with active compile tasks:
C2 CompilerThread0    47494 2472       4       jdk.internal.org.objectweb.asm.Frame::execute (2305 bytes)

VM state: not at safepoint (normal execution)

VM Mutex/Monitor currently owned by a thread: None

Heap address: 0x0000000080000000, size: 2048 MB, Compressed Oops mode: 32-bit

CDS archive(s) mapped at: [0x0000010b00000000-0x0000010b00bb0000-0x0000010b00bb0000), size 12255232, SharedBaseAddress: 0x0000010b00000000, ArchiveRelocationMode: 1.
Compressed class space mapped at: 0x0000010b01000000-0x0000010b41000000, reserved size: 1073741824
Narrow klass base: 0x0000010b00000000, Narrow klass shift: 0, Narrow klass range: 0x100000000

GC Precious Log:
 CPUs: 8 total, 8 available
 Memory: 16218M
 Large Page Support: Disabled
 NUMA Support: Disabled
 Compressed Oops: Enabled (32-bit)
 Heap Region Size: 1M
 Heap Min Capacity: 8M
 Heap Initial Capacity: 254M
 Heap Max Capacity: 2G
 Pre-touch: Disabled
 Parallel Workers: 8
 Concurrent Workers: 2
 Concurrent Refinement Workers: 8
 Periodic GC: Disabled

Heap:
 garbage-first heap   total 260096K, used 62109K [0x0000000080000000, 0x0000000100000000)
  region size 1024K, 51 young (52224K), 5 survivors (5120K)
 Metaspace       used 13826K, committed 14080K, reserved 1114112K
  class space    used 1880K, committed 2048K, reserved 1048576K

Heap Regions: E=young(eden), S=young(survivor), O=old, HS=humongous(starts), HC=humongous(continues), CS=collection set, F=free, OA=open archive, CA=closed archive, TAMS=top-at-mark-start (previous, next)
|   0|0x0000000080000000, 0x0000000080100000, 0x0000000080100000|100%|HS|  |TAMS 0x0000000080000000, 0x0000000080000000| Complete 
|   1|0x0000000080100000, 0x0000000080200000, 0x0000000080200000|100%|HC|  |TAMS 0x0000000080100000, 0x0000000080100000| Complete 
|   2|0x0000000080200000, 0x0000000080300000, 0x0000000080300000|100%|HC|  |TAMS 0x0000000080200000, 0x0000000080200000| Complete 
|   3|0x0000000080300000, 0x0000000080400000, 0x0000000080400000|100%| O|  |TAMS 0x0000000080300000, 0x0000000080300000| Untracked 
|   4|0x0000000080400000, 0x0000000080500000, 0x0000000080500000|100%| O|  |TAMS 0x0000000080400000, 0x0000000080400000| Untracked 
|   5|0x0000000080500000, 0x0000000080600000, 0x0000000080600000|100%| O|  |TAMS 0x0000000080500000, 0x0000000080500000| Untracked 
|   6|0x0000000080600000, 0x0000000080700000, 0x0000000080700000|100%|HS|  |TAMS 0x0000000080600000, 0x0000000080600000| Complete 
|   7|0x0000000080700000, 0x0000000080700000, 0x0000000080800000|  0%| F|  |TAMS 0x0000000080700000, 0x0000000080700000| Untracked 
|   8|0x0000000080800000, 0x0000000080900000, 0x0000000080900000|100%| O|  |TAMS 0x0000000080800000, 0x0000000080800000| Untracked 
|   9|0x0000000080900000, 0x0000000080a00000, 0x0000000080a00000|100%| O|  |TAMS 0x0000000080900000, 0x0000000080900000| Untracked 
|  10|0x0000000080a00000, 0x0000000080b00000, 0x0000000080b00000|100%| O|  |TAMS 0x0000000080a00000, 0x0000000080a00000| Untracked 
|  11|0x0000000080b00000, 0x0000000080c00000, 0x0000000080c00000|100%| O|  |TAMS 0x0000000080b00000, 0x0000000080b00000| Untracked 
|  12|0x0000000080c00000, 0x0000000080c80600, 0x0000000080d00000| 50%| O|  |TAMS 0x0000000080c00000, 0x0000000080c00000| Untracked 
|  13|0x0000000080d00000, 0x0000000080d00000, 0x0000000080e00000|  0%| F|  |TAMS 0x0000000080d00000, 0x0000000080d00000| Untracked 
|  14|0x0000000080e00000, 0x0000000080e00000, 0x0000000080f00000|  0%| F|  |TAMS 0x0000000080e00000, 0x0000000080e00000| Untracked 
|  15|0x0000000080f00000, 0x0000000080f00000, 0x0000000081000000|  0%| F|  |TAMS 0x0000000080f00000, 0x0000000080f00000| Untracked 
|  16|0x0000000081000000, 0x0000000081000000, 0x0000000081100000|  0%| F|  |TAMS 0x0000000081000000, 0x0000000081000000| Untracked 
|  17|0x0000000081100000, 0x0000000081100000, 0x0000000081200000|  0%| F|  |TAMS 0x0000000081100000, 0x0000000081100000| Untracked 
|  18|0x0000000081200000, 0x0000000081200000, 0x0000000081300000|  0%| F|  |TAMS 0x0000000081200000, 0x0000000081200000| Untracked 
|  19|0x0000000081300000, 0x0000000081300000, 0x0000000081400000|  0%| F|  |TAMS 0x0000000081300000, 0x0000000081300000| Untracked 
|  20|0x0000000081400000, 0x0000000081400000, 0x0000000081500000|  0%| F|  |TAMS 0x0000000081400000, 0x0000000081400000| Untracked 
|  21|0x0000000081500000, 0x0000000081500000, 0x0000000081600000|  0%| F|  |TAMS 0x0000000081500000, 0x0000000081500000| Untracked 
|  22|0x0000000081600000, 0x0000000081600000, 0x0000000081700000|  0%| F|  |TAMS 0x0000000081600000, 0x0000000081600000| Untracked 
|  23|0x0000000081700000, 0x0000000081700000, 0x0000000081800000|  0%| F|  |TAMS 0x0000000081700000, 0x0000000081700000| Untracked 
|  24|0x0000000081800000, 0x0000000081800000, 0x0000000081900000|  0%| F|  |TAMS 0x0000000081800000, 0x0000000081800000| Untracked 
|  25|0x0000000081900000, 0x0000000081900000, 0x0000000081a00000|  0%| F|  |TAMS 0x0000000081900000, 0x0000000081900000| Untracked 
|  26|0x0000000081a00000, 0x0000000081a00000, 0x0000000081b00000|  0%| F|  |TAMS 0x0000000081a00000, 0x0000000081a00000| Untracked 
|  27|0x0000000081b00000, 0x0000000081b00000, 0x0000000081c00000|  0%| F|  |TAMS 0x0000000081b00000, 0x0000000081b00000| Untracked 
|  28|0x0000000081c00000, 0x0000000081c00000, 0x0000000081d00000|  0%| F|  |TAMS 0x0000000081c00000, 0x0000000081c00000| Untracked 
|  29|0x0000000081d00000, 0x0000000081d00000, 0x0000000081e00000|  0%| F|  |TAMS 0x0000000081d00000, 0x0000000081d00000| Untracked 
|  30|0x0000000081e00000, 0x0000000081e00000, 0x0000000081f00000|  0%| F|  |TAMS 0x0000000081e00000, 0x0000000081e00000| Untracked 
|  31|0x0000000081f00000, 0x0000000081f00000, 0x0000000082000000|  0%| F|  |TAMS 0x0000000081f00000, 0x0000000081f00000| Untracked 
|  32|0x0000000082000000, 0x0000000082000000, 0x0000000082100000|  0%| F|  |TAMS 0x0000000082000000, 0x0000000082000000| Untracked 
|  33|0x0000000082100000, 0x0000000082100000, 0x0000000082200000|  0%| F|  |TAMS 0x0000000082100000, 0x0000000082100000| Untracked 
|  34|0x0000000082200000, 0x0000000082200000, 0x0000000082300000|  0%| F|  |TAMS 0x0000000082200000, 0x0000000082200000| Untracked 
|  35|0x0000000082300000, 0x0000000082300000, 0x0000000082400000|  0%| F|  |TAMS 0x0000000082300000, 0x0000000082300000| Untracked 
|  36|0x0000000082400000, 0x0000000082400000, 0x0000000082500000|  0%| F|  |TAMS 0x0000000082400000, 0x0000000082400000| Untracked 
|  37|0x0000000082500000, 0x0000000082500000, 0x0000000082600000|  0%| F|  |TAMS 0x0000000082500000, 0x0000000082500000| Untracked 
|  38|0x0000000082600000, 0x0000000082600000, 0x0000000082700000|  0%| F|  |TAMS 0x0000000082600000, 0x0000000082600000| Untracked 
|  39|0x0000000082700000, 0x0000000082700000, 0x0000000082800000|  0%| F|  |TAMS 0x0000000082700000, 0x0000000082700000| Untracked 
|  40|0x0000000082800000, 0x0000000082800000, 0x0000000082900000|  0%| F|  |TAMS 0x0000000082800000, 0x0000000082800000| Untracked 
|  41|0x0000000082900000, 0x0000000082900000, 0x0000000082a00000|  0%| F|  |TAMS 0x0000000082900000, 0x0000000082900000| Untracked 
|  42|0x0000000082a00000, 0x0000000082a00000, 0x0000000082b00000|  0%| F|  |TAMS 0x0000000082a00000, 0x0000000082a00000| Untracked 
|  43|0x0000000082b00000, 0x0000000082b00000, 0x0000000082c00000|  0%| F|  |TAMS 0x0000000082b00000, 0x0000000082b00000| Untracked 
|  44|0x0000000082c00000, 0x0000000082c00000, 0x0000000082d00000|  0%| F|  |TAMS 0x0000000082c00000, 0x0000000082c00000| Untracked 
|  45|0x0000000082d00000, 0x0000000082d00000, 0x0000000082e00000|  0%| F|  |TAMS 0x0000000082d00000, 0x0000000082d00000| Untracked 
|  46|0x0000000082e00000, 0x0000000082e00000, 0x0000000082f00000|  0%| F|  |TAMS 0x0000000082e00000, 0x0000000082e00000| Untracked 
|  47|0x0000000082f00000, 0x0000000082f00000, 0x0000000083000000|  0%| F|  |TAMS 0x0000000082f00000, 0x0000000082f00000| Untracked 
|  48|0x0000000083000000, 0x0000000083000000, 0x0000000083100000|  0%| F|  |TAMS 0x0000000083000000, 0x0000000083000000| Untracked 
|  49|0x0000000083100000, 0x0000000083100000, 0x0000000083200000|  0%| F|  |TAMS 0x0000000083100000, 0x0000000083100000| Untracked 
|  50|0x0000000083200000, 0x0000000083200000, 0x0000000083300000|  0%| F|  |TAMS 0x0000000083200000, 0x0000000083200000| Untracked 
|  51|0x0000000083300000, 0x0000000083300000, 0x0000000083400000|  0%| F|  |TAMS 0x0000000083300000, 0x0000000083300000| Untracked 
|  52|0x0000000083400000, 0x0000000083400000, 0x0000000083500000|  0%| F|  |TAMS 0x0000000083400000, 0x0000000083400000| Untracked 
|  53|0x0000000083500000, 0x0000000083500000, 0x0000000083600000|  0%| F|  |TAMS 0x0000000083500000, 0x0000000083500000| Untracked 
|  54|0x0000000083600000, 0x0000000083600000, 0x0000000083700000|  0%| F|  |TAMS 0x0000000083600000, 0x0000000083600000| Untracked 
|  55|0x0000000083700000, 0x0000000083700000, 0x0000000083800000|  0%| F|  |TAMS 0x0000000083700000, 0x0000000083700000| Untracked 
|  56|0x0000000083800000, 0x0000000083800000, 0x0000000083900000|  0%| F|  |TAMS 0x0000000083800000, 0x0000000083800000| Untracked 
|  57|0x0000000083900000, 0x0000000083900000, 0x0000000083a00000|  0%| F|  |TAMS 0x0000000083900000, 0x0000000083900000| Untracked 
|  58|0x0000000083a00000, 0x0000000083a00000, 0x0000000083b00000|  0%| F|  |TAMS 0x0000000083a00000, 0x0000000083a00000| Untracked 
|  59|0x0000000083b00000, 0x0000000083b00000, 0x0000000083c00000|  0%| F|  |TAMS 0x0000000083b00000, 0x0000000083b00000| Untracked 
|  60|0x0000000083c00000, 0x0000000083c00000, 0x0000000083d00000|  0%| F|  |TAMS 0x0000000083c00000, 0x0000000083c00000| Untracked 
|  61|0x0000000083d00000, 0x0000000083d00000, 0x0000000083e00000|  0%| F|  |TAMS 0x0000000083d00000, 0x0000000083d00000| Untracked 
|  62|0x0000000083e00000, 0x0000000083e00000, 0x0000000083f00000|  0%| F|  |TAMS 0x0000000083e00000, 0x0000000083e00000| Untracked 
|  63|0x0000000083f00000, 0x0000000083f00000, 0x0000000084000000|  0%| F|  |TAMS 0x0000000083f00000, 0x0000000083f00000| Untracked 
|  64|0x0000000084000000, 0x0000000084000000, 0x0000000084100000|  0%| F|  |TAMS 0x0000000084000000, 0x0000000084000000| Untracked 
|  65|0x0000000084100000, 0x0000000084100000, 0x0000000084200000|  0%| F|  |TAMS 0x0000000084100000, 0x0000000084100000| Untracked 
|  66|0x0000000084200000, 0x0000000084200000, 0x0000000084300000|  0%| F|  |TAMS 0x0000000084200000, 0x0000000084200000| Untracked 
|  67|0x0000000084300000, 0x0000000084300000, 0x0000000084400000|  0%| F|  |TAMS 0x0000000084300000, 0x0000000084300000| Untracked 
|  68|0x0000000084400000, 0x0000000084400000, 0x0000000084500000|  0%| F|  |TAMS 0x0000000084400000, 0x0000000084400000| Untracked 
|  69|0x0000000084500000, 0x0000000084500000, 0x0000000084600000|  0%| F|  |TAMS 0x0000000084500000, 0x0000000084500000| Untracked 
|  70|0x0000000084600000, 0x0000000084600000, 0x0000000084700000|  0%| F|  |TAMS 0x0000000084600000, 0x0000000084600000| Untracked 
|  71|0x0000000084700000, 0x0000000084700000, 0x0000000084800000|  0%| F|  |TAMS 0x0000000084700000, 0x0000000084700000| Untracked 
|  72|0x0000000084800000, 0x0000000084800000, 0x0000000084900000|  0%| F|  |TAMS 0x0000000084800000, 0x0000000084800000| Untracked 
|  73|0x0000000084900000, 0x0000000084900000, 0x0000000084a00000|  0%| F|  |TAMS 0x0000000084900000, 0x0000000084900000| Untracked 
|  74|0x0000000084a00000, 0x0000000084a00000, 0x0000000084b00000|  0%| F|  |TAMS 0x0000000084a00000, 0x0000000084a00000| Untracked 
|  75|0x0000000084b00000, 0x0000000084b00000, 0x0000000084c00000|  0%| F|  |TAMS 0x0000000084b00000, 0x0000000084b00000| Untracked 
|  76|0x0000000084c00000, 0x0000000084c00000, 0x0000000084d00000|  0%| F|  |TAMS 0x0000000084c00000, 0x0000000084c00000| Untracked 
|  77|0x0000000084d00000, 0x0000000084d00000, 0x0000000084e00000|  0%| F|  |TAMS 0x0000000084d00000, 0x0000000084d00000| Untracked 
|  78|0x0000000084e00000, 0x0000000084e00000, 0x0000000084f00000|  0%| F|  |TAMS 0x0000000084e00000, 0x0000000084e00000| Untracked 
|  79|0x0000000084f00000, 0x0000000084f00000, 0x0000000085000000|  0%| F|  |TAMS 0x0000000084f00000, 0x0000000084f00000| Untracked 
|  80|0x0000000085000000, 0x0000000085000000, 0x0000000085100000|  0%| F|  |TAMS 0x0000000085000000, 0x0000000085000000| Untracked 
|  81|0x0000000085100000, 0x0000000085100000, 0x0000000085200000|  0%| F|  |TAMS 0x0000000085100000, 0x0000000085100000| Untracked 
|  82|0x0000000085200000, 0x0000000085200000, 0x0000000085300000|  0%| F|  |TAMS 0x0000000085200000, 0x0000000085200000| Untracked 
|  83|0x0000000085300000, 0x0000000085300000, 0x0000000085400000|  0%| F|  |TAMS 0x0000000085300000, 0x0000000085300000| Untracked 
|  84|0x0000000085400000, 0x0000000085400000, 0x0000000085500000|  0%| F|  |TAMS 0x0000000085400000, 0x0000000085400000| Untracked 
|  85|0x0000000085500000, 0x0000000085500000, 0x0000000085600000|  0%| F|  |TAMS 0x0000000085500000, 0x0000000085500000| Untracked 
|  86|0x0000000085600000, 0x0000000085600000, 0x0000000085700000|  0%| F|  |TAMS 0x0000000085600000, 0x0000000085600000| Untracked 
|  87|0x0000000085700000, 0x0000000085700000, 0x0000000085800000|  0%| F|  |TAMS 0x0000000085700000, 0x0000000085700000| Untracked 
|  88|0x0000000085800000, 0x0000000085800000, 0x0000000085900000|  0%| F|  |TAMS 0x0000000085800000, 0x0000000085800000| Untracked 
|  89|0x0000000085900000, 0x0000000085900000, 0x0000000085a00000|  0%| F|  |TAMS 0x0000000085900000, 0x0000000085900000| Untracked 
|  90|0x0000000085a00000, 0x0000000085a00000, 0x0000000085b00000|  0%| F|  |TAMS 0x0000000085a00000, 0x0000000085a00000| Untracked 
|  91|0x0000000085b00000, 0x0000000085b00000, 0x0000000085c00000|  0%| F|  |TAMS 0x0000000085b00000, 0x0000000085b00000| Untracked 
|  92|0x0000000085c00000, 0x0000000085c00000, 0x0000000085d00000|  0%| F|  |TAMS 0x0000000085c00000, 0x0000000085c00000| Untracked 
|  93|0x0000000085d00000, 0x0000000085d00000, 0x0000000085e00000|  0%| F|  |TAMS 0x0000000085d00000, 0x0000000085d00000| Untracked 
|  94|0x0000000085e00000, 0x0000000085e00000, 0x0000000085f00000|  0%| F|  |TAMS 0x0000000085e00000, 0x0000000085e00000| Untracked 
|  95|0x0000000085f00000, 0x0000000085f00000, 0x0000000086000000|  0%| F|  |TAMS 0x0000000085f00000, 0x0000000085f00000| Untracked 
|  96|0x0000000086000000, 0x0000000086000000, 0x0000000086100000|  0%| F|  |TAMS 0x0000000086000000, 0x0000000086000000| Untracked 
|  97|0x0000000086100000, 0x0000000086100000, 0x0000000086200000|  0%| F|  |TAMS 0x0000000086100000, 0x0000000086100000| Untracked 
|  98|0x0000000086200000, 0x0000000086200000, 0x0000000086300000|  0%| F|  |TAMS 0x0000000086200000, 0x0000000086200000| Untracked 
|  99|0x0000000086300000, 0x0000000086300000, 0x0000000086400000|  0%| F|  |TAMS 0x0000000086300000, 0x0000000086300000| Untracked 
| 100|0x0000000086400000, 0x0000000086400000, 0x0000000086500000|  0%| F|  |TAMS 0x0000000086400000, 0x0000000086400000| Untracked 
| 101|0x0000000086500000, 0x0000000086500000, 0x0000000086600000|  0%| F|  |TAMS 0x0000000086500000, 0x0000000086500000| Untracked 
| 102|0x0000000086600000, 0x0000000086600000, 0x0000000086700000|  0%| F|  |TAMS 0x0000000086600000, 0x0000000086600000| Untracked 
| 103|0x0000000086700000, 0x0000000086700000, 0x0000000086800000|  0%| F|  |TAMS 0x0000000086700000, 0x0000000086700000| Untracked 
| 104|0x0000000086800000, 0x0000000086800000, 0x0000000086900000|  0%| F|  |TAMS 0x0000000086800000, 0x0000000086800000| Untracked 
| 105|0x0000000086900000, 0x0000000086900000, 0x0000000086a00000|  0%| F|  |TAMS 0x0000000086900000, 0x0000000086900000| Untracked 
| 106|0x0000000086a00000, 0x0000000086a00000, 0x0000000086b00000|  0%| F|  |TAMS 0x0000000086a00000, 0x0000000086a00000| Untracked 
| 107|0x0000000086b00000, 0x0000000086b00000, 0x0000000086c00000|  0%| F|  |TAMS 0x0000000086b00000, 0x0000000086b00000| Untracked 
| 108|0x0000000086c00000, 0x0000000086c00000, 0x0000000086d00000|  0%| F|  |TAMS 0x0000000086c00000, 0x0000000086c00000| Untracked 
| 109|0x0000000086d00000, 0x0000000086d00000, 0x0000000086e00000|  0%| F|  |TAMS 0x0000000086d00000, 0x0000000086d00000| Untracked 
| 110|0x0000000086e00000, 0x0000000086e00000, 0x0000000086f00000|  0%| F|  |TAMS 0x0000000086e00000, 0x0000000086e00000| Untracked 
| 111|0x0000000086f00000, 0x0000000086f00000, 0x0000000087000000|  0%| F|  |TAMS 0x0000000086f00000, 0x0000000086f00000| Untracked 
| 112|0x0000000087000000, 0x0000000087000000, 0x0000000087100000|  0%| F|  |TAMS 0x0000000087000000, 0x0000000087000000| Untracked 
| 113|0x0000000087100000, 0x0000000087100000, 0x0000000087200000|  0%| F|  |TAMS 0x0000000087100000, 0x0000000087100000| Untracked 
| 114|0x0000000087200000, 0x0000000087200000, 0x0000000087300000|  0%| F|  |TAMS 0x0000000087200000, 0x0000000087200000| Untracked 
| 115|0x0000000087300000, 0x0000000087300000, 0x0000000087400000|  0%| F|  |TAMS 0x0000000087300000, 0x0000000087300000| Untracked 
| 116|0x0000000087400000, 0x0000000087400000, 0x0000000087500000|  0%| F|  |TAMS 0x0000000087400000, 0x0000000087400000| Untracked 
| 117|0x0000000087500000, 0x0000000087500000, 0x0000000087600000|  0%| F|  |TAMS 0x0000000087500000, 0x0000000087500000| Untracked 
| 118|0x0000000087600000, 0x0000000087600000, 0x0000000087700000|  0%| F|  |TAMS 0x0000000087600000, 0x0000000087600000| Untracked 
| 119|0x0000000087700000, 0x0000000087700000, 0x0000000087800000|  0%| F|  |TAMS 0x0000000087700000, 0x0000000087700000| Untracked 
| 120|0x0000000087800000, 0x0000000087800000, 0x0000000087900000|  0%| F|  |TAMS 0x0000000087800000, 0x0000000087800000| Untracked 
| 121|0x0000000087900000, 0x0000000087900000, 0x0000000087a00000|  0%| F|  |TAMS 0x0000000087900000, 0x0000000087900000| Untracked 
| 122|0x0000000087a00000, 0x0000000087a00000, 0x0000000087b00000|  0%| F|  |TAMS 0x0000000087a00000, 0x0000000087a00000| Untracked 
| 123|0x0000000087b00000, 0x0000000087b00000, 0x0000000087c00000|  0%| F|  |TAMS 0x0000000087b00000, 0x0000000087b00000| Untracked 
| 124|0x0000000087c00000, 0x0000000087c00000, 0x0000000087d00000|  0%| F|  |TAMS 0x0000000087c00000, 0x0000000087c00000| Untracked 
| 125|0x0000000087d00000, 0x0000000087d00000, 0x0000000087e00000|  0%| F|  |TAMS 0x0000000087d00000, 0x0000000087d00000| Untracked 
| 126|0x0000000087e00000, 0x0000000087e00000, 0x0000000087f00000|  0%| F|  |TAMS 0x0000000087e00000, 0x0000000087e00000| Untracked 
| 127|0x0000000087f00000, 0x0000000087f00000, 0x0000000088000000|  0%| F|  |TAMS 0x0000000087f00000, 0x0000000087f00000| Untracked 
| 128|0x0000000088000000, 0x0000000088000000, 0x0000000088100000|  0%| F|  |TAMS 0x0000000088000000, 0x0000000088000000| Untracked 
| 129|0x0000000088100000, 0x0000000088100000, 0x0000000088200000|  0%| F|  |TAMS 0x0000000088100000, 0x0000000088100000| Untracked 
| 130|0x0000000088200000, 0x0000000088200000, 0x0000000088300000|  0%| F|  |TAMS 0x0000000088200000, 0x0000000088200000| Untracked 
| 131|0x0000000088300000, 0x0000000088300000, 0x0000000088400000|  0%| F|  |TAMS 0x0000000088300000, 0x0000000088300000| Untracked 
| 132|0x0000000088400000, 0x0000000088400000, 0x0000000088500000|  0%| F|  |TAMS 0x0000000088400000, 0x0000000088400000| Untracked 
| 133|0x0000000088500000, 0x0000000088500000, 0x0000000088600000|  0%| F|  |TAMS 0x0000000088500000, 0x0000000088500000| Untracked 
| 134|0x0000000088600000, 0x0000000088600000, 0x0000000088700000|  0%| F|  |TAMS 0x0000000088600000, 0x0000000088600000| Untracked 
| 135|0x0000000088700000, 0x0000000088700000, 0x0000000088800000|  0%| F|  |TAMS 0x0000000088700000, 0x0000000088700000| Untracked 
| 136|0x0000000088800000, 0x0000000088800000, 0x0000000088900000|  0%| F|  |TAMS 0x0000000088800000, 0x0000000088800000| Untracked 
| 137|0x0000000088900000, 0x0000000088900000, 0x0000000088a00000|  0%| F|  |TAMS 0x0000000088900000, 0x0000000088900000| Untracked 
| 138|0x0000000088a00000, 0x0000000088a00000, 0x0000000088b00000|  0%| F|  |TAMS 0x0000000088a00000, 0x0000000088a00000| Untracked 
| 139|0x0000000088b00000, 0x0000000088b00000, 0x0000000088c00000|  0%| F|  |TAMS 0x0000000088b00000, 0x0000000088b00000| Untracked 
| 140|0x0000000088c00000, 0x0000000088c00000, 0x0000000088d00000|  0%| F|  |TAMS 0x0000000088c00000, 0x0000000088c00000| Untracked 
| 141|0x0000000088d00000, 0x0000000088d00000, 0x0000000088e00000|  0%| F|  |TAMS 0x0000000088d00000, 0x0000000088d00000| Untracked 
| 142|0x0000000088e00000, 0x0000000088e00000, 0x0000000088f00000|  0%| F|  |TAMS 0x0000000088e00000, 0x0000000088e00000| Untracked 
| 143|0x0000000088f00000, 0x0000000088f00000, 0x0000000089000000|  0%| F|  |TAMS 0x0000000088f00000, 0x0000000088f00000| Untracked 
| 144|0x0000000089000000, 0x0000000089000000, 0x0000000089100000|  0%| F|  |TAMS 0x0000000089000000, 0x0000000089000000| Untracked 
| 145|0x0000000089100000, 0x0000000089100000, 0x0000000089200000|  0%| F|  |TAMS 0x0000000089100000, 0x0000000089100000| Untracked 
| 146|0x0000000089200000, 0x0000000089200000, 0x0000000089300000|  0%| F|  |TAMS 0x0000000089200000, 0x0000000089200000| Untracked 
| 147|0x0000000089300000, 0x0000000089300000, 0x0000000089400000|  0%| F|  |TAMS 0x0000000089300000, 0x0000000089300000| Untracked 
| 148|0x0000000089400000, 0x0000000089400000, 0x0000000089500000|  0%| F|  |TAMS 0x0000000089400000, 0x0000000089400000| Untracked 
| 149|0x0000000089500000, 0x0000000089500000, 0x0000000089600000|  0%| F|  |TAMS 0x0000000089500000, 0x0000000089500000| Untracked 
| 150|0x0000000089600000, 0x0000000089600000, 0x0000000089700000|  0%| F|  |TAMS 0x0000000089600000, 0x0000000089600000| Untracked 
| 151|0x0000000089700000, 0x0000000089700000, 0x0000000089800000|  0%| F|  |TAMS 0x0000000089700000, 0x0000000089700000| Untracked 
| 152|0x0000000089800000, 0x0000000089800000, 0x0000000089900000|  0%| F|  |TAMS 0x0000000089800000, 0x0000000089800000| Untracked 
| 153|0x0000000089900000, 0x0000000089900000, 0x0000000089a00000|  0%| F|  |TAMS 0x0000000089900000, 0x0000000089900000| Untracked 
| 154|0x0000000089a00000, 0x0000000089a00000, 0x0000000089b00000|  0%| F|  |TAMS 0x0000000089a00000, 0x0000000089a00000| Untracked 
| 155|0x0000000089b00000, 0x0000000089b00000, 0x0000000089c00000|  0%| F|  |TAMS 0x0000000089b00000, 0x0000000089b00000| Untracked 
| 156|0x0000000089c00000, 0x0000000089c00000, 0x0000000089d00000|  0%| F|  |TAMS 0x0000000089c00000, 0x0000000089c00000| Untracked 
| 157|0x0000000089d00000, 0x0000000089d00000, 0x0000000089e00000|  0%| F|  |TAMS 0x0000000089d00000, 0x0000000089d00000| Untracked 
| 158|0x0000000089e00000, 0x0000000089e00000, 0x0000000089f00000|  0%| F|  |TAMS 0x0000000089e00000, 0x0000000089e00000| Untracked 
| 159|0x0000000089f00000, 0x0000000089f00000, 0x000000008a000000|  0%| F|  |TAMS 0x0000000089f00000, 0x0000000089f00000| Untracked 
| 160|0x000000008a000000, 0x000000008a000000, 0x000000008a100000|  0%| F|  |TAMS 0x000000008a000000, 0x000000008a000000| Untracked 
| 161|0x000000008a100000, 0x000000008a100000, 0x000000008a200000|  0%| F|  |TAMS 0x000000008a100000, 0x000000008a100000| Untracked 
| 162|0x000000008a200000, 0x000000008a200000, 0x000000008a300000|  0%| F|  |TAMS 0x000000008a200000, 0x000000008a200000| Untracked 
| 163|0x000000008a300000, 0x000000008a300000, 0x000000008a400000|  0%| F|  |TAMS 0x000000008a300000, 0x000000008a300000| Untracked 
| 164|0x000000008a400000, 0x000000008a400000, 0x000000008a500000|  0%| F|  |TAMS 0x000000008a400000, 0x000000008a400000| Untracked 
| 165|0x000000008a500000, 0x000000008a500000, 0x000000008a600000|  0%| F|  |TAMS 0x000000008a500000, 0x000000008a500000| Untracked 
| 166|0x000000008a600000, 0x000000008a600000, 0x000000008a700000|  0%| F|  |TAMS 0x000000008a600000, 0x000000008a600000| Untracked 
| 167|0x000000008a700000, 0x000000008a700000, 0x000000008a800000|  0%| F|  |TAMS 0x000000008a700000, 0x000000008a700000| Untracked 
| 168|0x000000008a800000, 0x000000008a800000, 0x000000008a900000|  0%| F|  |TAMS 0x000000008a800000, 0x000000008a800000| Untracked 
| 169|0x000000008a900000, 0x000000008a900000, 0x000000008aa00000|  0%| F|  |TAMS 0x000000008a900000, 0x000000008a900000| Untracked 
| 170|0x000000008aa00000, 0x000000008aa00000, 0x000000008ab00000|  0%| F|  |TAMS 0x000000008aa00000, 0x000000008aa00000| Untracked 
| 171|0x000000008ab00000, 0x000000008ab00000, 0x000000008ac00000|  0%| F|  |TAMS 0x000000008ab00000, 0x000000008ab00000| Untracked 
| 172|0x000000008ac00000, 0x000000008ac00000, 0x000000008ad00000|  0%| F|  |TAMS 0x000000008ac00000, 0x000000008ac00000| Untracked 
| 173|0x000000008ad00000, 0x000000008ad00000, 0x000000008ae00000|  0%| F|  |TAMS 0x000000008ad00000, 0x000000008ad00000| Untracked 
| 174|0x000000008ae00000, 0x000000008ae00000, 0x000000008af00000|  0%| F|  |TAMS 0x000000008ae00000, 0x000000008ae00000| Untracked 
| 175|0x000000008af00000, 0x000000008af00000, 0x000000008b000000|  0%| F|  |TAMS 0x000000008af00000, 0x000000008af00000| Untracked 
| 176|0x000000008b000000, 0x000000008b000000, 0x000000008b100000|  0%| F|  |TAMS 0x000000008b000000, 0x000000008b000000| Untracked 
| 177|0x000000008b100000, 0x000000008b100000, 0x000000008b200000|  0%| F|  |TAMS 0x000000008b100000, 0x000000008b100000| Untracked 
| 178|0x000000008b200000, 0x000000008b200000, 0x000000008b300000|  0%| F|  |TAMS 0x000000008b200000, 0x000000008b200000| Untracked 
| 179|0x000000008b300000, 0x000000008b300000, 0x000000008b400000|  0%| F|  |TAMS 0x000000008b300000, 0x000000008b300000| Untracked 
| 180|0x000000008b400000, 0x000000008b400000, 0x000000008b500000|  0%| F|  |TAMS 0x000000008b400000, 0x000000008b400000| Untracked 
| 181|0x000000008b500000, 0x000000008b500000, 0x000000008b600000|  0%| F|  |TAMS 0x000000008b500000, 0x000000008b500000| Untracked 
| 182|0x000000008b600000, 0x000000008b600000, 0x000000008b700000|  0%| F|  |TAMS 0x000000008b600000, 0x000000008b600000| Untracked 
| 183|0x000000008b700000, 0x000000008b700000, 0x000000008b800000|  0%| F|  |TAMS 0x000000008b700000, 0x000000008b700000| Untracked 
| 184|0x000000008b800000, 0x000000008b800000, 0x000000008b900000|  0%| F|  |TAMS 0x000000008b800000, 0x000000008b800000| Untracked 
| 185|0x000000008b900000, 0x000000008b900000, 0x000000008ba00000|  0%| F|  |TAMS 0x000000008b900000, 0x000000008b900000| Untracked 
| 186|0x000000008ba00000, 0x000000008ba00000, 0x000000008bb00000|  0%| F|  |TAMS 0x000000008ba00000, 0x000000008ba00000| Untracked 
| 187|0x000000008bb00000, 0x000000008bb00000, 0x000000008bc00000|  0%| F|  |TAMS 0x000000008bb00000, 0x000000008bb00000| Untracked 
| 188|0x000000008bc00000, 0x000000008bc00000, 0x000000008bd00000|  0%| F|  |TAMS 0x000000008bc00000, 0x000000008bc00000| Untracked 
| 189|0x000000008bd00000, 0x000000008bd00000, 0x000000008be00000|  0%| F|  |TAMS 0x000000008bd00000, 0x000000008bd00000| Untracked 
| 190|0x000000008be00000, 0x000000008be00000, 0x000000008bf00000|  0%| F|  |TAMS 0x000000008be00000, 0x000000008be00000| Untracked 
| 191|0x000000008bf00000, 0x000000008bf00000, 0x000000008c000000|  0%| F|  |TAMS 0x000000008bf00000, 0x000000008bf00000| Untracked 
| 192|0x000000008c000000, 0x000000008c000000, 0x000000008c100000|  0%| F|  |TAMS 0x000000008c000000, 0x000000008c000000| Untracked 
| 193|0x000000008c100000, 0x000000008c100000, 0x000000008c200000|  0%| F|  |TAMS 0x000000008c100000, 0x000000008c100000| Untracked 
| 194|0x000000008c200000, 0x000000008c200000, 0x000000008c300000|  0%| F|  |TAMS 0x000000008c200000, 0x000000008c200000| Untracked 
| 195|0x000000008c300000, 0x000000008c300000, 0x000000008c400000|  0%| F|  |TAMS 0x000000008c300000, 0x000000008c300000| Untracked 
| 196|0x000000008c400000, 0x000000008c400000, 0x000000008c500000|  0%| F|  |TAMS 0x000000008c400000, 0x000000008c400000| Untracked 
| 197|0x000000008c500000, 0x000000008c500000, 0x000000008c600000|  0%| F|  |TAMS 0x000000008c500000, 0x000000008c500000| Untracked 
| 198|0x000000008c600000, 0x000000008c600000, 0x000000008c700000|  0%| F|  |TAMS 0x000000008c600000, 0x000000008c600000| Untracked 
| 199|0x000000008c700000, 0x000000008c726ed0, 0x000000008c800000| 15%| S|CS|TAMS 0x000000008c700000, 0x000000008c700000| Complete 
| 200|0x000000008c800000, 0x000000008c900000, 0x000000008c900000|100%| S|CS|TAMS 0x000000008c800000, 0x000000008c800000| Complete 
| 201|0x000000008c900000, 0x000000008ca00000, 0x000000008ca00000|100%| S|CS|TAMS 0x000000008c900000, 0x000000008c900000| Complete 
| 202|0x000000008ca00000, 0x000000008cb00000, 0x000000008cb00000|100%| S|CS|TAMS 0x000000008ca00000, 0x000000008ca00000| Complete 
| 203|0x000000008cb00000, 0x000000008cc00000, 0x000000008cc00000|100%| S|CS|TAMS 0x000000008cb00000, 0x000000008cb00000| Complete 
| 204|0x000000008cc00000, 0x000000008cc00000, 0x000000008cd00000|  0%| F|  |TAMS 0x000000008cc00000, 0x000000008cc00000| Untracked 
| 205|0x000000008cd00000, 0x000000008cd00000, 0x000000008ce00000|  0%| F|  |TAMS 0x000000008cd00000, 0x000000008cd00000| Untracked 
| 206|0x000000008ce00000, 0x000000008ce00000, 0x000000008cf00000|  0%| F|  |TAMS 0x000000008ce00000, 0x000000008ce00000| Untracked 
| 207|0x000000008cf00000, 0x000000008cf00000, 0x000000008d000000|  0%| F|  |TAMS 0x000000008cf00000, 0x000000008cf00000| Untracked 
| 208|0x000000008d000000, 0x000000008d080000, 0x000000008d100000| 50%| E|  |TAMS 0x000000008d000000, 0x000000008d000000| Complete 
| 209|0x000000008d100000, 0x000000008d200000, 0x000000008d200000|100%| E|CS|TAMS 0x000000008d100000, 0x000000008d100000| Complete 
| 210|0x000000008d200000, 0x000000008d300000, 0x000000008d300000|100%| E|CS|TAMS 0x000000008d200000, 0x000000008d200000| Complete 
| 211|0x000000008d300000, 0x000000008d400000, 0x000000008d400000|100%| E|CS|TAMS 0x000000008d300000, 0x000000008d300000| Complete 
| 212|0x000000008d400000, 0x000000008d500000, 0x000000008d500000|100%| E|CS|TAMS 0x000000008d400000, 0x000000008d400000| Complete 
| 213|0x000000008d500000, 0x000000008d600000, 0x000000008d600000|100%| E|CS|TAMS 0x000000008d500000, 0x000000008d500000| Complete 
| 214|0x000000008d600000, 0x000000008d700000, 0x000000008d700000|100%| E|CS|TAMS 0x000000008d600000, 0x000000008d600000| Complete 
| 215|0x000000008d700000, 0x000000008d800000, 0x000000008d800000|100%| E|CS|TAMS 0x000000008d700000, 0x000000008d700000| Complete 
| 216|0x000000008d800000, 0x000000008d900000, 0x000000008d900000|100%| E|CS|TAMS 0x000000008d800000, 0x000000008d800000| Complete 
| 217|0x000000008d900000, 0x000000008da00000, 0x000000008da00000|100%| E|CS|TAMS 0x000000008d900000, 0x000000008d900000| Complete 
| 218|0x000000008da00000, 0x000000008db00000, 0x000000008db00000|100%| E|CS|TAMS 0x000000008da00000, 0x000000008da00000| Complete 
| 219|0x000000008db00000, 0x000000008dc00000, 0x000000008dc00000|100%| E|CS|TAMS 0x000000008db00000, 0x000000008db00000| Complete 
| 220|0x000000008dc00000, 0x000000008dd00000, 0x000000008dd00000|100%| E|CS|TAMS 0x000000008dc00000, 0x000000008dc00000| Complete 
| 221|0x000000008dd00000, 0x000000008de00000, 0x000000008de00000|100%| E|CS|TAMS 0x000000008dd00000, 0x000000008dd00000| Complete 
| 222|0x000000008de00000, 0x000000008df00000, 0x000000008df00000|100%| E|CS|TAMS 0x000000008de00000, 0x000000008de00000| Complete 
| 223|0x000000008df00000, 0x000000008e000000, 0x000000008e000000|100%| E|CS|TAMS 0x000000008df00000, 0x000000008df00000| Complete 
| 224|0x000000008e000000, 0x000000008e100000, 0x000000008e100000|100%| E|CS|TAMS 0x000000008e000000, 0x000000008e000000| Complete 
| 225|0x000000008e100000, 0x000000008e200000, 0x000000008e200000|100%| E|CS|TAMS 0x000000008e100000, 0x000000008e100000| Complete 
| 226|0x000000008e200000, 0x000000008e300000, 0x000000008e300000|100%| E|CS|TAMS 0x000000008e200000, 0x000000008e200000| Complete 
| 227|0x000000008e300000, 0x000000008e400000, 0x000000008e400000|100%| E|CS|TAMS 0x000000008e300000, 0x000000008e300000| Complete 
| 228|0x000000008e400000, 0x000000008e500000, 0x000000008e500000|100%| E|CS|TAMS 0x000000008e400000, 0x000000008e400000| Complete 
| 229|0x000000008e500000, 0x000000008e600000, 0x000000008e600000|100%| E|CS|TAMS 0x000000008e500000, 0x000000008e500000| Complete 
| 230|0x000000008e600000, 0x000000008e700000, 0x000000008e700000|100%| E|CS|TAMS 0x000000008e600000, 0x000000008e600000| Complete 
| 231|0x000000008e700000, 0x000000008e800000, 0x000000008e800000|100%| E|CS|TAMS 0x000000008e700000, 0x000000008e700000| Complete 
| 232|0x000000008e800000, 0x000000008e900000, 0x000000008e900000|100%| E|CS|TAMS 0x000000008e800000, 0x000000008e800000| Complete 
| 233|0x000000008e900000, 0x000000008ea00000, 0x000000008ea00000|100%| E|CS|TAMS 0x000000008e900000, 0x000000008e900000| Complete 
| 234|0x000000008ea00000, 0x000000008eb00000, 0x000000008eb00000|100%| E|CS|TAMS 0x000000008ea00000, 0x000000008ea00000| Complete 
| 235|0x000000008eb00000, 0x000000008ec00000, 0x000000008ec00000|100%| E|CS|TAMS 0x000000008eb00000, 0x000000008eb00000| Complete 
| 236|0x000000008ec00000, 0x000000008ed00000, 0x000000008ed00000|100%| E|CS|TAMS 0x000000008ec00000, 0x000000008ec00000| Complete 
| 237|0x000000008ed00000, 0x000000008ee00000, 0x000000008ee00000|100%| E|CS|TAMS 0x000000008ed00000, 0x000000008ed00000| Complete 
| 238|0x000000008ee00000, 0x000000008ef00000, 0x000000008ef00000|100%| E|CS|TAMS 0x000000008ee00000, 0x000000008ee00000| Complete 
| 239|0x000000008ef00000, 0x000000008f000000, 0x000000008f000000|100%| E|CS|TAMS 0x000000008ef00000, 0x000000008ef00000| Complete 
| 240|0x000000008f000000, 0x000000008f100000, 0x000000008f100000|100%| E|CS|TAMS 0x000000008f000000, 0x000000008f000000| Complete 
| 241|0x000000008f100000, 0x000000008f200000, 0x000000008f200000|100%| E|CS|TAMS 0x000000008f100000, 0x000000008f100000| Complete 
| 242|0x000000008f200000, 0x000000008f300000, 0x000000008f300000|100%| E|CS|TAMS 0x000000008f200000, 0x000000008f200000| Complete 
| 243|0x000000008f300000, 0x000000008f400000, 0x000000008f400000|100%| E|CS|TAMS 0x000000008f300000, 0x000000008f300000| Complete 
| 244|0x000000008f400000, 0x000000008f500000, 0x000000008f500000|100%| E|CS|TAMS 0x000000008f400000, 0x000000008f400000| Complete 
| 245|0x000000008f500000, 0x000000008f600000, 0x000000008f600000|100%| E|CS|TAMS 0x000000008f500000, 0x000000008f500000| Complete 
| 246|0x000000008f600000, 0x000000008f700000, 0x000000008f700000|100%| E|CS|TAMS 0x000000008f600000, 0x000000008f600000| Complete 
| 247|0x000000008f700000, 0x000000008f800000, 0x000000008f800000|100%| E|CS|TAMS 0x000000008f700000, 0x000000008f700000| Complete 
| 248|0x000000008f800000, 0x000000008f900000, 0x000000008f900000|100%| E|CS|TAMS 0x000000008f800000, 0x000000008f800000| Complete 
| 249|0x000000008f900000, 0x000000008fa00000, 0x000000008fa00000|100%| E|CS|TAMS 0x000000008f900000, 0x000000008f900000| Complete 
| 250|0x000000008fa00000, 0x000000008fb00000, 0x000000008fb00000|100%| E|CS|TAMS 0x000000008fa00000, 0x000000008fa00000| Complete 
| 251|0x000000008fb00000, 0x000000008fc00000, 0x000000008fc00000|100%| E|CS|TAMS 0x000000008fb00000, 0x000000008fb00000| Complete 
| 252|0x000000008fc00000, 0x000000008fd00000, 0x000000008fd00000|100%| E|CS|TAMS 0x000000008fc00000, 0x000000008fc00000| Complete 
| 253|0x000000008fd00000, 0x000000008fe00000, 0x000000008fe00000|100%| E|CS|TAMS 0x000000008fd00000, 0x000000008fd00000| Complete 

Card table byte_map: [0x0000010b75b60000,0x0000010b75f60000] _byte_map_base: 0x0000010b75760000

Marking Bits (Prev, Next): (CMBitMap*) 0x0000010b5e93d000, (CMBitMap*) 0x0000010b5e93d040
 Prev Bits: [0x0000010b76360000, 0x0000010b78360000)
 Next Bits: [0x0000010b78360000, 0x0000010b7a360000)

Polling page: 0x0000010b5ca40000

Metaspace:

Usage:
  Non-class:     11.67 MB used.
      Class:      1.84 MB used.
       Both:     13.50 MB used.

Virtual space:
  Non-class space:       64.00 MB reserved,      11.75 MB ( 18%) committed,  1 nodes.
      Class space:        1.00 GB reserved,       2.00 MB ( <1%) committed,  1 nodes.
             Both:        1.06 GB reserved,      13.75 MB (  1%) committed. 

Chunk freelists:
   Non-Class:  3.88 MB
       Class:  14.02 MB
        Both:  17.89 MB

MaxMetaspaceSize: unlimited
CompressedClassSpaceSize: 1.00 GB
Initial GC threshold: 21.00 MB
Current GC threshold: 21.00 MB
CDS: on
MetaspaceReclaimPolicy: balanced
 - commit_granule_bytes: 65536.
 - commit_granule_words: 8192.
 - virtual_space_node_default_size: 8388608.
 - enlarge_chunks_in_place: 1.
 - new_chunks_are_fully_committed: 0.
 - uncommit_free_chunks: 1.
 - use_allocation_guard: 0.
 - handle_deallocations: 1.


Internal statistics:

num_allocs_failed_limit: 0.
num_arena_births: 190.
num_arena_deaths: 0.
num_vsnodes_births: 2.
num_vsnodes_deaths: 0.
num_space_committed: 220.
num_space_uncommitted: 0.
num_chunks_returned_to_freelist: 0.
num_chunks_taken_from_freelist: 601.
num_chunk_merges: 0.
num_chunk_splits: 397.
num_chunks_enlarged: 290.
num_inconsistent_stats: 0.

CodeHeap 'non-profiled nmethods': size=120000Kb used=1210Kb max_used=1210Kb free=118789Kb
 bounds [0x0000010b6df00000, 0x0000010b6e170000, 0x0000010b75430000]
CodeHeap 'profiled nmethods': size=120000Kb used=4981Kb max_used=4981Kb free=115018Kb
 bounds [0x0000010b66430000, 0x0000010b66910000, 0x0000010b6d960000]
CodeHeap 'non-nmethods': size=5760Kb used=1218Kb max_used=1243Kb free=4541Kb
 bounds [0x0000010b6d960000, 0x0000010b6dbd0000, 0x0000010b6df00000]
 total_blobs=3034 nmethods=2509 adapters=437
 compilation: enabled
              stopped_count=0, restarted_count=0
 full_count=0

Compilation events (20 events):
Event: 46.961 Thread 0x0000010b7ce81a10 2503       3       org.gradle.internal.service.DefaultServiceRegistry$FactoryService::<init> (14 bytes)
Event: 46.962 Thread 0x0000010b7ce81a10 nmethod 2503 0x0000010b66907f90 code [0x0000010b66908140, 0x0000010b669082e8]
Event: 46.962 Thread 0x0000010b7ce81a10 2505       3       org.gradle.internal.service.DefaultServiceRegistry::validateImplementationForServiceTypes (84 bytes)
Event: 46.964 Thread 0x0000010b7ce81a10 nmethod 2505 0x0000010b66908390 code [0x0000010b669086a0, 0x0000010b669098b8]
Event: 46.964 Thread 0x0000010b7ce81a10 2504       3       org.gradle.internal.service.DefaultServiceRegistry::access$2700 (6 bytes)
Event: 46.964 Thread 0x0000010b7ce81a10 nmethod 2504 0x0000010b66909f10 code [0x0000010b6690a0c0, 0x0000010b6690a1c8]
Event: 46.965 Thread 0x0000010b7ce81a10 2506       3       java.lang.Package::<init> (47 bytes)
Event: 46.966 Thread 0x0000010b7ce81a10 nmethod 2506 0x0000010b6690a290 code [0x0000010b6690a480, 0x0000010b6690a8c8]
Event: 46.977 Thread 0x0000010b7ce81a10 2507   !   3       org.gradle.internal.service.DefaultServiceRegistry$SingletonService::prepare (111 bytes)
Event: 46.978 Thread 0x0000010b7ce81a10 nmethod 2507 0x0000010b6690ab10 code [0x0000010b6690adc0, 0x0000010b6690b9a8]
Event: 46.978 Thread 0x0000010b7ce81a10 2508       3       org.gradle.internal.service.DefaultServiceRegistry$SingletonService::get (5 bytes)
Event: 46.979 Thread 0x0000010b7ce81a10 nmethod 2508 0x0000010b6690be90 code [0x0000010b6690c040, 0x0000010b6690c188]
Event: 46.985 Thread 0x0000010b7ce81a10 2509       3       jdk.internal.misc.Unsafe::getAndAddInt (27 bytes)
Event: 46.986 Thread 0x0000010b7ce81a10 nmethod 2509 0x0000010b6690c210 code [0x0000010b6690c3c0, 0x0000010b6690c608]
Event: 46.986 Thread 0x0000010b7ce81a10 2510       3       sun.reflect.annotation.AnnotationParser$$Lambda$37/0x0000010b01059d08::get (16 bytes)
Event: 46.987 Thread 0x0000010b7ce81a10 nmethod 2510 0x0000010b6690c710 code [0x0000010b6690c8c0, 0x0000010b6690ca68]
Event: 46.987 Thread 0x0000010b7ce81a10 2511       3       sun.reflect.annotation.AnnotationParser::lambda$parseClassArray$0 (7 bytes)
Event: 46.987 Thread 0x0000010b7ce81a10 nmethod 2511 0x0000010b6690cb10 code [0x0000010b6690ccc0, 0x0000010b6690cdc8]
Event: 47.072 Thread 0x0000010b7ce81a10 2513       3       java.util.concurrent.locks.AbstractQueuedSynchronizer$Node::getAndUnsetStatus (14 bytes)
Event: 47.073 Thread 0x0000010b7ce81a10 nmethod 2513 0x0000010b6690ce90 code [0x0000010b6690d040, 0x0000010b6690d328]

GC Heap History (6 events):
Event: 9.007 GC heap before
{Heap before GC invocations=0 (full 0):
 garbage-first heap   total 260096K, used 23552K [0x0000000080000000, 0x0000000100000000)
  region size 1024K, 23 young (23552K), 0 survivors (0K)
 Metaspace       used 1117K, committed 1280K, reserved 1114112K
  class space    used 78K, committed 128K, reserved 1048576K
}
Event: 9.288 GC heap after
{Heap after GC invocations=1 (full 0):
 garbage-first heap   total 260096K, used 2512K [0x0000000080000000, 0x0000000100000000)
  region size 1024K, 3 young (3072K), 3 survivors (3072K)
 Metaspace       used 1117K, committed 1280K, reserved 1114112K
  class space    used 78K, committed 128K, reserved 1048576K
}
Event: 16.618 GC heap before
{Heap before GC invocations=1 (full 0):
 garbage-first heap   total 260096K, used 39376K [0x0000000080000000, 0x0000000100000000)
  region size 1024K, 36 young (36864K), 3 survivors (3072K)
 Metaspace       used 4441K, committed 4608K, reserved 1114112K
  class space    used 552K, committed 640K, reserved 1048576K
}
Event: 16.625 GC heap after
{Heap after GC invocations=2 (full 0):
 garbage-first heap   total 260096K, used 10774K [0x0000000080000000, 0x0000000100000000)
  region size 1024K, 5 young (5120K), 5 survivors (5120K)
 Metaspace       used 4441K, committed 4608K, reserved 1114112K
  class space    used 552K, committed 640K, reserved 1048576K
}
Event: 23.829 GC heap before
{Heap before GC invocations=2 (full 0):
 garbage-first heap   total 260096K, used 58902K [0x0000000080000000, 0x0000000100000000)
  region size 1024K, 50 young (51200K), 5 survivors (5120K)
 Metaspace       used 4737K, committed 4928K, reserved 1114112K
  class space    used 595K, committed 704K, reserved 1048576K
}
Event: 23.841 GC heap after
{Heap after GC invocations=3 (full 0):
 garbage-first heap   total 260096K, used 16029K [0x0000000080000000, 0x0000000100000000)
  region size 1024K, 5 young (5120K), 5 survivors (5120K)
 Metaspace       used 4737K, committed 4928K, reserved 1114112K
  class space    used 595K, committed 704K, reserved 1048576K
}

Dll operation events (15 events):
Event: 0.856 Loaded shared library C:\Program Files\Eclipse Adoptium\jdk-17.0.16.8-hotspot\bin\java.dll
Event: 1.183 Loaded shared library C:\Program Files\Eclipse Adoptium\jdk-17.0.16.8-hotspot\bin\jsvml.dll
Event: 2.708 Loaded shared library C:\Program Files\Eclipse Adoptium\jdk-17.0.16.8-hotspot\bin\zip.dll
Event: 2.761 Loaded shared library C:\Program Files\Eclipse Adoptium\jdk-17.0.16.8-hotspot\bin\instrument.dll
Event: 2.779 Loaded shared library C:\Program Files\Eclipse Adoptium\jdk-17.0.16.8-hotspot\bin\net.dll
Event: 2.794 Loaded shared library C:\Program Files\Eclipse Adoptium\jdk-17.0.16.8-hotspot\bin\nio.dll
Event: 2.863 Loaded shared library C:\Program Files\Eclipse Adoptium\jdk-17.0.16.8-hotspot\bin\zip.dll
Event: 8.159 Loaded shared library C:\Program Files\Eclipse Adoptium\jdk-17.0.16.8-hotspot\bin\jimage.dll
Event: 11.260 Loaded shared library C:\Program Files\Eclipse Adoptium\jdk-17.0.16.8-hotspot\bin\verify.dll
Event: 11.870 Loaded shared library C:\Users\LENOVO\.gradle\native\1def1411415f61bf3af743bc5b6707747c0891f09f0c88961ee8f79bc544acac\windows-amd64\native-platform.dll
Event: 11.963 Loaded shared library C:\Users\LENOVO\.gradle\native\0.2.7\x86_64-windows-gnu\gradle-fileevents.dll
Event: 24.775 Loaded shared library C:\Program Files\Eclipse Adoptium\jdk-17.0.16.8-hotspot\bin\management.dll
Event: 24.794 Loaded shared library C:\Program Files\Eclipse Adoptium\jdk-17.0.16.8-hotspot\bin\management_ext.dll
Event: 33.587 Loaded shared library C:\Program Files\Eclipse Adoptium\jdk-17.0.16.8-hotspot\bin\extnet.dll
Event: 39.014 Loaded shared library C:\Program Files\Eclipse Adoptium\jdk-17.0.16.8-hotspot\bin\sunmscapi.dll

Deoptimization events (20 events):
Event: 41.828 Thread 0x0000010b7ddd0030 DEOPT PACKING pc=0x0000010b6652a89b sp=0x00000001023f8cc0
Event: 41.828 Thread 0x0000010b7ddd0030 DEOPT UNPACKING pc=0x0000010b6d9b7143 sp=0x00000001023f81e0 mode 0
Event: 44.004 Thread 0x0000010b7ddd0030 Uncommon trap: trap_request=0xffffff45 fr.pc=0x0000010b6dff8328 relative=0x0000000000000c28
Event: 44.004 Thread 0x0000010b7ddd0030 Uncommon trap: reason=unstable_if action=reinterpret pc=0x0000010b6dff8328 method=java.util.HashMap.getNode(Ljava/lang/Object;)Ljava/util/HashMap$Node; @ 66 c2
Event: 44.004 Thread 0x0000010b7ddd0030 DEOPT PACKING pc=0x0000010b6dff8328 sp=0x00000001023fc5a0
Event: 44.004 Thread 0x0000010b7ddd0030 DEOPT UNPACKING pc=0x0000010b6d9b69a3 sp=0x00000001023fc4f0 mode 2
Event: 44.004 Thread 0x0000010b7ddd0030 Uncommon trap: trap_request=0xffffff45 fr.pc=0x0000010b6df349a4 relative=0x00000000000003e4
Event: 44.004 Thread 0x0000010b7ddd0030 Uncommon trap: reason=unstable_if action=reinterpret pc=0x0000010b6df349a4 method=java.util.HashMap.getNode(Ljava/lang/Object;)Ljava/util/HashMap$Node; @ 66 c2
Event: 44.004 Thread 0x0000010b7ddd0030 DEOPT PACKING pc=0x0000010b6df349a4 sp=0x00000001023fc560
Event: 44.004 Thread 0x0000010b7ddd0030 DEOPT UNPACKING pc=0x0000010b6d9b69a3 sp=0x00000001023fc4f0 mode 2
Event: 44.080 Thread 0x0000010b7ddd0030 Uncommon trap: trap_request=0xffffff45 fr.pc=0x0000010b6dfa094c relative=0x00000000000002ac
Event: 44.080 Thread 0x0000010b7ddd0030 Uncommon trap: reason=unstable_if action=reinterpret pc=0x0000010b6dfa094c method=java.util.concurrent.ConcurrentHashMap.get(Ljava/lang/Object;)Ljava/lang/Object; @ 152 c2
Event: 44.080 Thread 0x0000010b7ddd0030 DEOPT PACKING pc=0x0000010b6dfa094c sp=0x00000001023fba50
Event: 44.080 Thread 0x0000010b7ddd0030 DEOPT UNPACKING pc=0x0000010b6d9b69a3 sp=0x00000001023fb9b8 mode 2
Event: 44.089 Thread 0x0000010b7ddd0030 Uncommon trap: trap_request=0xffffff45 fr.pc=0x0000010b6dfc6a44 relative=0x00000000000001a4
Event: 44.089 Thread 0x0000010b7ddd0030 Uncommon trap: reason=unstable_if action=reinterpret pc=0x0000010b6dfc6a44 method=java.util.WeakHashMap.expungeStaleEntries()V @ 9 c2
Event: 44.089 Thread 0x0000010b7ddd0030 DEOPT PACKING pc=0x0000010b6dfc6a44 sp=0x00000001023fb710
Event: 44.089 Thread 0x0000010b7ddd0030 DEOPT UNPACKING pc=0x0000010b6d9b69a3 sp=0x00000001023fb6a8 mode 2
Event: 45.659 Thread 0x0000010b7ddd0030 DEOPT PACKING pc=0x0000010b6687f772 sp=0x00000001023fb310
Event: 45.659 Thread 0x0000010b7ddd0030 DEOPT UNPACKING pc=0x0000010b6d9b7143 sp=0x00000001023fa780 mode 0

Classes loaded (20 events):
Event: 44.079 Loading class jdk/internal/vm/annotation/IntrinsicCandidate
Event: 44.079 Loading class jdk/internal/vm/annotation/IntrinsicCandidate done
Event: 44.084 Loading class java/util/stream/MatchOps$MatchKind
Event: 44.084 Loading class java/util/stream/MatchOps$MatchKind done
Event: 44.084 Loading class java/util/stream/MatchOps
Event: 44.084 Loading class java/util/stream/MatchOps done
Event: 44.084 Loading class java/util/stream/MatchOps$MatchOp
Event: 44.085 Loading class java/util/stream/MatchOps$MatchOp done
Event: 44.085 Loading class java/util/stream/MatchOps$BooleanTerminalSink
Event: 44.085 Loading class java/util/stream/MatchOps$BooleanTerminalSink done
Event: 44.086 Loading class java/util/stream/MatchOps$1MatchSink
Event: 44.086 Loading class java/util/stream/MatchOps$1MatchSink done
Event: 44.230 Loading class java/lang/TypeNotPresentException
Event: 44.230 Loading class java/lang/TypeNotPresentException done
Event: 44.647 Loading class java/lang/invoke/MethodHandle$1
Event: 44.648 Loading class java/lang/invoke/MethodHandle$1 done
Event: 45.373 Loading class java/util/ConcurrentModificationException
Event: 45.373 Loading class java/util/ConcurrentModificationException done
Event: 45.972 Loading class sun/reflect/generics/scope/ConstructorScope
Event: 45.973 Loading class sun/reflect/generics/scope/ConstructorScope done

Classes unloaded (0 events):
No events

Classes redefined (0 events):
No events

Internal exceptions (20 events):
Event: 24.843 Thread 0x0000010b5e8e2050 Exception <a 'java/lang/NoSuchMethodError'{0x000000008f419658}: 'java.lang.Object java.lang.invoke.DirectMethodHandle$Holder.invokeInterface(java.lang.Object, java.lang.Object)'> (0x000000008f419658) 
thrown [s\src\hotspot\share\interpreter\linkResolver.cpp, line 759]
Event: 33.608 Thread 0x0000010b5e8e2050 Exception <a 'java/lang/NoSuchMethodError'{0x000000008f03e610}: 'void java.lang.invoke.DirectMethodHandle$Holder.invokeStatic(java.lang.Object, java.lang.Object, java.lang.Object)'> (0x000000008f03e610) 
thrown [s\src\hotspot\share\interpreter\linkResolver.cpp, line 759]
Event: 34.392 Thread 0x0000010b5e8e2050 Exception <a 'java/lang/NoSuchMethodError'{0x000000008eecb8d8}: 'java.lang.Object java.lang.invoke.DirectMethodHandle$Holder.invokeStaticInit(java.lang.Object, int, int, int, int)'> (0x000000008eecb8d8) 
thrown [s\src\hotspot\share\interpreter\linkResolver.cpp, line 759]
Event: 35.813 Thread 0x0000010b5e8e2050 Exception <a 'java/lang/NoSuchMethodError'{0x000000008edd8ab0}: 'java.lang.Object java.lang.invoke.DirectMethodHandle$Holder.invokeStaticInit(java.lang.Object, java.lang.Object, int, int, int, int)'> (0x000000008edd8ab0) 
thrown [s\src\hotspot\share\interpreter\linkResolver.cpp, line 759]
Event: 38.700 Thread 0x0000010b5e8e2050 Exception <a 'java/io/IOException'{0x000000008e9009b8}> (0x000000008e9009b8) 
thrown [s\src\hotspot\share\prims\jni.cpp, line 516]
Event: 38.750 Thread 0x0000010b5e8e2050 Implicit null exception at 0x0000010b6df5b8f2 to 0x0000010b6df5bf0c
Event: 38.863 Thread 0x0000010b5e8e2050 Exception <a 'java/lang/NoSuchMethodError'{0x000000008e9663e0}: 'java.lang.Object java.lang.invoke.DirectMethodHandle$Holder.newInvokeSpecial(java.lang.Object, java.lang.Object, java.lang.Object, java.lang.Object, java.lang.Object)'> (0x000000008e9663e0) 
thrown [s\src\hotspot\share\interpreter\linkResolver.cpp, line 759]
Event: 39.885 Thread 0x0000010b7e4ce460 Exception <a 'java/lang/NoSuchMethodError'{0x000000008e4b1840}: static Lorg/gradle/tooling/internal/provider/serialization/ClassLoaderDetails;.<clinit>()V> (0x000000008e4b1840) 
thrown [s\src\hotspot\share\prims\jni.cpp, line 1112]
Event: 39.890 Thread 0x0000010b7e4ce460 Exception <a 'java/lang/NoSuchMethodError'{0x000000008e4cacc8}: static Lorg/gradle/internal/classloader/ClassLoaderSpec;.<clinit>()V> (0x000000008e4cacc8) 
thrown [s\src\hotspot\share\prims\jni.cpp, line 1112]
Event: 39.892 Thread 0x0000010b7e4ce460 Exception <a 'java/lang/NoSuchMethodError'{0x000000008e4d4450}: static Lorg/gradle/tooling/internal/provider/serialization/WellKnownClassLoaderRegistry$KnownClassLoaderSpec;.<clinit>()V> (0x000000008e4d4450) 
thrown [s\src\hotspot\share\prims\jni.cpp, line 1112]
Event: 39.896 Thread 0x0000010b7e4ce460 Exception <a 'java/lang/NoSuchMethodError'{0x000000008e4ea868}: static Lorg/gradle/tooling/internal/provider/serialization/ClientOwnedClassLoaderSpec;.<clinit>()V> (0x000000008e4ea868) 
thrown [s\src\hotspot\share\prims\jni.cpp, line 1112]
Event: 40.882 Thread 0x0000010b7e4f25c0 Exception <a 'java/lang/NoSuchMethodError'{0x000000008e6797a0}: 'void java.lang.invoke.DirectMethodHandle$Holder.invokeSpecial(java.lang.Object, java.lang.Object, java.lang.Object)'> (0x000000008e6797a0) 
thrown [s\src\hotspot\share\interpreter\linkResolver.cpp, line 759]
Event: 42.233 Thread 0x0000010b7ddd0030 Exception <a 'java/lang/NoSuchMethodError'{0x000000008dea89a0}: 'long java.lang.invoke.DirectMethodHandle$Holder.invokeInterface(java.lang.Object, java.lang.Object)'> (0x000000008dea89a0) 
thrown [s\src\hotspot\share\interpreter\linkResolver.cpp, line 759]
Event: 43.673 Thread 0x0000010b7ddd0030 Exception <a 'java/lang/NoSuchMethodError'{0x000000008daf15d8}: 'void java.lang.invoke.DirectMethodHandle$Holder.invokeStatic(java.lang.Object, java.lang.Object)'> (0x000000008daf15d8) 
thrown [s\src\hotspot\share\interpreter\linkResolver.cpp, line 759]
Event: 44.094 Thread 0x0000010b7ddd0030 Exception <a 'java/lang/NoSuchMethodError'{0x000000008d714ac0}: 'int java.lang.invoke.DirectMethodHandle$Holder.invokeVirtual(java.lang.Object, java.lang.Object, java.lang.Object)'> (0x000000008d714ac0) 
thrown [s\src\hotspot\share\interpreter\linkResolver.cpp, line 759]
Event: 45.000 Thread 0x0000010b7ddd0030 Exception <a 'java/lang/NoSuchMethodError'{0x000000008d5ac318}: 'java.lang.Object java.lang.invoke.DirectMethodHandle$Holder.newInvokeSpecial(java.lang.Object, java.lang.Object, java.lang.Object, java.lang.Object, java.lang.Object, java.lang.Object)'> (0x000000008d5ac318) 
thrown [s\src\hotspot\share\interpreter\linkResolver.cpp, line 759]
Event: 46.353 Thread 0x0000010b7ddd0030 Exception <a 'java/lang/NoSuchMethodError'{0x000000008d2b61a8}: 'void java.lang.invoke.DelegatingMethodHandle$Holder.reinvoke_L(java.lang.Object, java.lang.Object, java.lang.Object, java.lang.Object, java.lang.Object, java.lang.Object, java.lang.Object, java.lang.Object, java.lang.Object, java.lang.Object)'> (0x000000008d2b61a8) 
thrown [s\src\hotspot\share\interpreter\linkResolver.cpp, line 759]
Event: 46.354 Thread 0x0000010b7ddd0030 Exception <a 'java/lang/NoSuchMethodError'{0x000000008d2be618}: 'java.lang.Object java.lang.invoke.DirectMethodHandle$Holder.invokeSpecial(java.lang.Object, java.lang.Object, java.lang.Object, java.lang.Object, java.lang.Object, java.lang.Object, java.lang.Object, java.lang.Object, java.lang.Object, java.lang.Object)'> (0x000000008d2be618) 
thrown [s\src\hotspot\share\interpreter\linkResolver.cpp, line 759]
Event: 46.355 Thread 0x0000010b7ddd0030 Exception <a 'java/lang/NoSuchMethodError'{0x000000008d2c2ee8}: 'java.lang.Object java.lang.invoke.Invokers$Holder.invoker(java.lang.Object, java.lang.Object, java.lang.Object, java.lang.Object, java.lang.Object, java.lang.Object, java.lang.Object, java.lang.Object, java.lang.Object, java.lang.Object)'> (0x000000008d2c2ee8) 
thrown [s\src\hotspot\share\interpreter\linkResolver.cpp, line 759]
Event: 46.355 Thread 0x0000010b7ddd0030 Exception <a 'java/lang/NoSuchMethodError'{0x000000008d2c8af0}: 'java.lang.Object java.lang.invoke.DirectMethodHandle$Holder.invokeSpecial(java.lang.Object, java.lang.Object, java.lang.Object, java.lang.Object, java.lang.Object, java.lang.Object, java.lang.Object, java.lang.Object, java.lang.Object, java.lang.Object, java.lang.Object)'> (0x000000008d2c8af0) 
thrown [s\src\hotspot\share\interpreter\linkResolver.cpp, line 759]

VM Operations (20 events):
Event: 37.473 Executing VM operation: Cleanup
Event: 37.473 Executing VM operation: Cleanup done
Event: 38.474 Executing VM operation: Cleanup
Event: 38.474 Executing VM operation: Cleanup done
Event: 39.079 Executing VM operation: HandshakeAllThreads
Event: 39.079 Executing VM operation: HandshakeAllThreads done
Event: 40.079 Executing VM operation: Cleanup
Event: 40.079 Executing VM operation: Cleanup done
Event: 41.080 Executing VM operation: Cleanup
Event: 41.214 Executing VM operation: Cleanup done
Event: 42.214 Executing VM operation: Cleanup
Event: 42.214 Executing VM operation: Cleanup done
Event: 43.215 Executing VM operation: Cleanup
Event: 43.215 Executing VM operation: Cleanup done
Event: 44.216 Executing VM operation: Cleanup
Event: 44.216 Executing VM operation: Cleanup done
Event: 45.217 Executing VM operation: Cleanup
Event: 45.338 Executing VM operation: Cleanup done
Event: 46.339 Executing VM operation: Cleanup
Event: 46.340 Executing VM operation: Cleanup done

Memory protections (0 events):
No events

Nmethod flushes (0 events):
No events

Events (20 events):
Event: 1.532 Thread 0x0000010b5e8e2050 Thread added: 0x0000010b7ce76980
Event: 1.532 Thread 0x0000010b5e8e2050 Thread added: 0x0000010b7ce77580
Event: 1.598 Thread 0x0000010b5e8e2050 Thread added: 0x0000010b7ce81a10
Event: 1.691 Thread 0x0000010b5e8e2050 Thread added: 0x0000010b7ceeab80
Event: 2.155 Thread 0x0000010b5e8e2050 Thread added: 0x0000010b7cdd04f0
Event: 2.950 Thread 0x0000010b5e8e2050 Thread added: 0x0000010b7d09daf0
Event: 11.444 Thread 0x0000010b7ce77580 Thread added: 0x0000010b7d165900
Event: 12.013 Thread 0x0000010b7d165900 Thread exited: 0x0000010b7d165900
Event: 24.888 Thread 0x0000010b5e8e2050 Thread added: 0x0000010b7da6c450
Event: 36.006 Thread 0x0000010b5e8e2050 Thread added: 0x0000010b7e807960
Event: 38.930 Thread 0x0000010b5e8e2050 Thread added: 0x0000010b7de36020
Event: 39.103 Thread 0x0000010b7ce81a10 Thread added: 0x0000010b7e576420
Event: 39.452 Thread 0x0000010b7e807960 Thread added: 0x0000010b7e4f25c0
Event: 39.585 Thread 0x0000010b7e4f25c0 Thread added: 0x0000010b7e4ce460
Event: 39.747 Thread 0x0000010b7e576420 Thread exited: 0x0000010b7e576420
Event: 39.976 Thread 0x0000010b7e4f25c0 Thread added: 0x0000010b7db44240
Event: 40.884 Thread 0x0000010b7e4f25c0 Thread added: 0x0000010b7ddd0030
Event: 41.050 Thread 0x0000010b7ddd0030 Thread added: 0x0000010b7ddd08e0
Event: 41.069 Thread 0x0000010b7ddd0030 Thread added: 0x0000010b7dfd7740
Event: 41.259 Thread 0x0000010b7ddd0030 Thread added: 0x0000010b7e4e8710


Dynamic libraries:
0x00007ff6118f0000 - 0x00007ff6118fe000 	C:\Program Files\Eclipse Adoptium\jdk-17.0.16.8-hotspot\bin\java.exe
0x00007ffaac520000 - 0x00007ffaac729000 	C:\WINDOWS\SYSTEM32\ntdll.dll
0x00007ffaaba10000 - 0x00007ffaabacd000 	C:\WINDOWS\System32\KERNEL32.DLL
0x00007ffaa9cb0000 - 0x00007ffaaa034000 	C:\WINDOWS\System32\KERNELBASE.dll
0x00007ffaa69e0000 - 0x00007ffaa6a72000 	C:\WINDOWS\SYSTEM32\apphelp.dll
0x00007ffaaa0e0000 - 0x00007ffaaa1f1000 	C:\WINDOWS\System32\ucrtbase.dll
0x00007ffa970f0000 - 0x00007ffa9710e000 	C:\Program Files\Eclipse Adoptium\jdk-17.0.16.8-hotspot\bin\VCRUNTIME140.dll
0x00007ffa970d0000 - 0x00007ffa970e7000 	C:\Program Files\Eclipse Adoptium\jdk-17.0.16.8-hotspot\bin\jli.dll
0x00007ffaab6c0000 - 0x00007ffaab86d000 	C:\WINDOWS\System32\USER32.dll
0x00007ffaa9a30000 - 0x00007ffaa9a56000 	C:\WINDOWS\System32\win32u.dll
0x00007ffaab5e0000 - 0x00007ffaab60a000 	C:\WINDOWS\System32\GDI32.dll
0x00007ffaa9b20000 - 0x00007ffaa9c3e000 	C:\WINDOWS\System32\gdi32full.dll
0x00007ffaaa040000 - 0x00007ffaaa0dd000 	C:\WINDOWS\System32\msvcp_win.dll
0x00007ffa91800000 - 0x00007ffa91aa5000 	C:\WINDOWS\WinSxS\amd64_microsoft.windows.common-controls_6595b64144ccf1df_6.0.22000.120_none_9d947278b86cc467\COMCTL32.dll
0x00007ffaaa370000 - 0x00007ffaaa413000 	C:\WINDOWS\System32\msvcrt.dll
0x00007ffaac120000 - 0x00007ffaac151000 	C:\WINDOWS\System32\IMM32.DLL
0x00007ffa970c0000 - 0x00007ffa970cc000 	C:\Program Files\Eclipse Adoptium\jdk-17.0.16.8-hotspot\bin\vcruntime140_1.dll
0x00007ffa556b0000 - 0x00007ffa5573d000 	C:\Program Files\Eclipse Adoptium\jdk-17.0.16.8-hotspot\bin\msvcp140.dll
0x00007ffa37ed0000 - 0x00007ffa38b3b000 	C:\Program Files\Eclipse Adoptium\jdk-17.0.16.8-hotspot\bin\server\jvm.dll
0x00007ffaab610000 - 0x00007ffaab6be000 	C:\WINDOWS\System32\ADVAPI32.dll
0x00007ffaac320000 - 0x00007ffaac3be000 	C:\WINDOWS\System32\sechost.dll
0x00007ffaabcb0000 - 0x00007ffaabdd1000 	C:\WINDOWS\System32\RPCRT4.dll
0x00007ffaac3e0000 - 0x00007ffaac44f000 	C:\WINDOWS\System32\WS2_32.dll
0x00007ffaa8310000 - 0x00007ffaa835d000 	C:\WINDOWS\SYSTEM32\POWRPROF.dll
0x00007ffa9f280000 - 0x00007ffa9f2b3000 	C:\WINDOWS\SYSTEM32\WINMM.dll
0x00007ffa9e610000 - 0x00007ffa9e61a000 	C:\WINDOWS\SYSTEM32\VERSION.dll
0x00007ffaa8400000 - 0x00007ffaa8413000 	C:\WINDOWS\SYSTEM32\UMPDC.dll
0x00007ffaa8b10000 - 0x00007ffaa8b28000 	C:\WINDOWS\SYSTEM32\kernel.appcore.dll
0x00007ffa970b0000 - 0x00007ffa970ba000 	C:\Program Files\Eclipse Adoptium\jdk-17.0.16.8-hotspot\bin\jimage.dll
0x00007ffaa7390000 - 0x00007ffaa75b1000 	C:\WINDOWS\SYSTEM32\DBGHELP.DLL
0x00007ffa8d6a0000 - 0x00007ffa8d6d1000 	C:\WINDOWS\SYSTEM32\dbgcore.DLL
0x00007ffaa99b0000 - 0x00007ffaa9a2f000 	C:\WINDOWS\System32\bcryptPrimitives.dll
0x00007ffa970a0000 - 0x00007ffa970ae000 	C:\Program Files\Eclipse Adoptium\jdk-17.0.16.8-hotspot\bin\instrument.dll
0x00007ffa96e20000 - 0x00007ffa96e45000 	C:\Program Files\Eclipse Adoptium\jdk-17.0.16.8-hotspot\bin\java.dll
0x00007ffa436a0000 - 0x00007ffa43777000 	C:\Program Files\Eclipse Adoptium\jdk-17.0.16.8-hotspot\bin\jsvml.dll
0x00007ffaaa450000 - 0x00007ffaaac15000 	C:\WINDOWS\System32\SHELL32.dll
0x00007ffaa7a90000 - 0x00007ffaa82f2000 	C:\WINDOWS\SYSTEM32\windows.storage.dll
0x00007ffaaade0000 - 0x00007ffaab156000 	C:\WINDOWS\System32\combase.dll
0x00007ffaa7920000 - 0x00007ffaa7a87000 	C:\WINDOWS\SYSTEM32\wintypes.dll
0x00007ffaabad0000 - 0x00007ffaabbba000 	C:\WINDOWS\System32\SHCORE.dll
0x00007ffaac170000 - 0x00007ffaac1cd000 	C:\WINDOWS\System32\shlwapi.dll
0x00007ffaa98e0000 - 0x00007ffaa9905000 	C:\WINDOWS\SYSTEM32\profapi.dll
0x00007ffa91410000 - 0x00007ffa91428000 	C:\Program Files\Eclipse Adoptium\jdk-17.0.16.8-hotspot\bin\zip.dll
0x00007ffa91000000 - 0x00007ffa91019000 	C:\Program Files\Eclipse Adoptium\jdk-17.0.16.8-hotspot\bin\net.dll
0x00007ffaa53f0000 - 0x00007ffaa5504000 	C:\WINDOWS\SYSTEM32\WINHTTP.dll
0x00007ffaa8fc0000 - 0x00007ffaa9027000 	C:\WINDOWS\system32\mswsock.dll
0x00007ffa90d00000 - 0x00007ffa90d16000 	C:\Program Files\Eclipse Adoptium\jdk-17.0.16.8-hotspot\bin\nio.dll
0x00007ffa90ff0000 - 0x00007ffa91000000 	C:\Program Files\Eclipse Adoptium\jdk-17.0.16.8-hotspot\bin\verify.dll
0x00007ffa93940000 - 0x00007ffa93967000 	C:\Users\LENOVO\.gradle\native\1def1411415f61bf3af743bc5b6707747c0891f09f0c88961ee8f79bc544acac\windows-amd64\native-platform.dll
0x00007ffa98610000 - 0x00007ffa98688000 	C:\Users\LENOVO\.gradle\native\0.2.7\x86_64-windows-gnu\gradle-fileevents.dll
0x00007ffa90a70000 - 0x00007ffa90a7a000 	C:\Program Files\Eclipse Adoptium\jdk-17.0.16.8-hotspot\bin\management.dll
0x00007ffa90a60000 - 0x00007ffa90a6b000 	C:\Program Files\Eclipse Adoptium\jdk-17.0.16.8-hotspot\bin\management_ext.dll
0x00007ffaaa420000 - 0x00007ffaaa428000 	C:\WINDOWS\System32\PSAPI.DLL
0x00007ffaa8630000 - 0x00007ffaa865d000 	C:\WINDOWS\SYSTEM32\IPHLPAPI.DLL
0x00007ffaac0a0000 - 0x00007ffaac0a9000 	C:\WINDOWS\System32\NSI.dll
0x00007ffaa0760000 - 0x00007ffaa0779000 	C:\WINDOWS\SYSTEM32\dhcpcsvc6.DLL
0x00007ffaa0910000 - 0x00007ffaa092e000 	C:\WINDOWS\SYSTEM32\dhcpcsvc.DLL
0x00007ffaa86a0000 - 0x00007ffaa8787000 	C:\WINDOWS\SYSTEM32\DNSAPI.dll
0x00007ffa90a50000 - 0x00007ffa90a59000 	C:\Program Files\Eclipse Adoptium\jdk-17.0.16.8-hotspot\bin\extnet.dll
0x00007ffaa9200000 - 0x00007ffaa9218000 	C:\WINDOWS\SYSTEM32\CRYPTSP.dll
0x00007ffaa8a70000 - 0x00007ffaa8aa5000 	C:\WINDOWS\system32\rsaenh.dll
0x00007ffaa90b0000 - 0x00007ffaa90dc000 	C:\WINDOWS\SYSTEM32\USERENV.dll
0x00007ffaa9380000 - 0x00007ffaa93a7000 	C:\WINDOWS\SYSTEM32\bcrypt.dll
0x00007ffaa9220000 - 0x00007ffaa922c000 	C:\WINDOWS\SYSTEM32\CRYPTBASE.dll
0x00007ffa90a40000 - 0x00007ffa90a4e000 	C:\Program Files\Eclipse Adoptium\jdk-17.0.16.8-hotspot\bin\sunmscapi.dll
0x00007ffaaa200000 - 0x00007ffaaa362000 	C:\WINDOWS\System32\CRYPT32.dll
0x00007ffaa9350000 - 0x00007ffaa9378000 	C:\WINDOWS\SYSTEM32\ncrypt.dll
0x00007ffaa9310000 - 0x00007ffaa9347000 	C:\WINDOWS\SYSTEM32\NTASN1.dll
0x00007ffa40b70000 - 0x00007ffa40b78000 	C:\WINDOWS\system32\wshunix.dll

dbghelp: loaded successfully - version: 4.0.5 - missing functions: none
symbol engine: initialized successfully - sym options: 0x614 - pdb path: .;C:\Program Files\Eclipse Adoptium\jdk-17.0.16.8-hotspot\bin;C:\WINDOWS\SYSTEM32;C:\WINDOWS\WinSxS\amd64_microsoft.windows.common-controls_6595b64144ccf1df_6.0.22000.120_none_9d947278b86cc467;C:\Program Files\Eclipse Adoptium\jdk-17.0.16.8-hotspot\bin\server;C:\Users\LENOVO\.gradle\native\1def1411415f61bf3af743bc5b6707747c0891f09f0c88961ee8f79bc544acac\windows-amd64;C:\Users\LENOVO\.gradle\native\0.2.7\x86_64-windows-gnu

VM Arguments:
jvm_args: --add-opens=java.base/java.lang=ALL-UNNAMED --add-opens=java.base/java.lang.invoke=ALL-UNNAMED --add-opens=java.base/java.util=ALL-UNNAMED --add-opens=java.prefs/java.util.prefs=ALL-UNNAMED --add-exports=jdk.compiler/com.sun.tools.javac.api=ALL-UNNAMED --add-exports=jdk.compiler/com.sun.tools.javac.util=ALL-UNNAMED --add-opens=java.base/java.util=ALL-UNNAMED --add-opens=java.prefs/java.util.prefs=ALL-UNNAMED --add-opens=java.base/java.nio.charset=ALL-UNNAMED --add-opens=java.base/java.net=ALL-UNNAMED --add-opens=java.base/java.util.concurrent.atomic=ALL-UNNAMED --add-opens=java.xml/javax.xml.namespace=ALL-UNNAMED -Xmx2048m -Dfile.encoding=UTF-8 -Duser.country=CN -Duser.language=zh -Duser.variant -javaagent:C:\Users\LENOVO\.gradle\wrapper\dists\gradle-8.13-bin\5xuhj0ry160q40clulazy9h7d\gradle-8.13\lib\agents\gradle-instrumentation-agent-8.13.jar 
java_command: org.gradle.launcher.daemon.bootstrap.GradleDaemon 8.13
java_class_path (initial): C:\Users\LENOVO\.gradle\wrapper\dists\gradle-8.13-bin\5xuhj0ry160q40clulazy9h7d\gradle-8.13\lib\gradle-daemon-main-8.13.jar
Launcher Type: SUN_STANDARD

[Global flags]
     intx CICompilerCount                          = 4                                         {product} {ergonomic}
     uint ConcGCThreads                            = 2                                         {product} {ergonomic}
     uint G1ConcRefinementThreads                  = 8                                         {product} {ergonomic}
   size_t G1HeapRegionSize                         = 1048576                                   {product} {ergonomic}
    uintx GCDrainStackTargetSize                   = 64                                        {product} {ergonomic}
   size_t InitialHeapSize                          = 266338304                                 {product} {ergonomic}
   size_t MarkStackSize                            = 4194304                                   {product} {ergonomic}
   size_t MaxHeapSize                              = 2147483648                                {product} {command line}
   size_t MaxNewSize                               = 1287651328                                {product} {ergonomic}
   size_t MinHeapDeltaBytes                        = 1048576                                   {product} {ergonomic}
   size_t MinHeapSize                              = 8388608                                   {product} {ergonomic}
    uintx NonNMethodCodeHeapSize                   = 5839372                                {pd product} {ergonomic}
    uintx NonProfiledCodeHeapSize                  = 122909434                              {pd product} {ergonomic}
    uintx ProfiledCodeHeapSize                     = 122909434                              {pd product} {ergonomic}
    uintx ReservedCodeCacheSize                    = 251658240                              {pd product} {ergonomic}
     bool SegmentedCodeCache                       = true                                      {product} {ergonomic}
   size_t SoftMaxHeapSize                          = 2147483648                             {manageable} {ergonomic}
     bool UseCompressedClassPointers               = true                           {product lp64_product} {ergonomic}
     bool UseCompressedOops                        = true                           {product lp64_product} {ergonomic}
     bool UseG1GC                                  = true                                      {product} {ergonomic}
     bool UseLargePagesIndividualAllocation        = false                                  {pd product} {ergonomic}

Logging:
Log output configuration:
 #0: stdout all=warning uptime,level,tags
 #1: stderr all=off uptime,level,tags

Environment Variables:
JAVA_HOME=C:\Program Files\Eclipse Adoptium\jdk-17.0.16.8-hotspot
PATH=c:\Users\LENOVO\.trae-cn\tools\trae-gopls\current;c:\Users\LENOVO\.trae-cn\sdks\workspaces\dc793bde\versions\node\current;c:\Users\LENOVO\.trae-cn\sdks\versions\node\current;C:\Program Files\Eclipse Adoptium\jdk-17.0.16.8-hotspot\bin;C:\Program Files\Microsoft MPI\Bin\;C:\Program Files (x86)\Common Files\Oracle\Java\javapath;C:\Windows\system32;C:\Windows;C:\Windows\System32\Wbem;C:\Windows\System32\WindowsPowerShell\v1.0\;C:\Windows\System32\OpenSSH\;C:\Program Files (x86)\NVIDIA Corporation\PhysX\Common;C:\WINDOWS\system32;C:\WINDOWS;C:\WINDOWS\System32\Wbem;C:\WINDOWS\System32\WindowsPowerShell\v1.0\;C:\WINDOWS\System32\OpenSSH\;C:\Program Files\Intel\WiFi\bin\;C:\Program Files\Common Files\Intel\WirelessCommon\;D:\SQL2022僕砅跦\160\Tools\Binn\;D:;SQL2022僕砅\160\Tools\Binn\;D;\SQL2022僕砅\Client SDK\ODBC\170\Tools\Binn\;D;\SQL2022僕砅\160\DTS\Binn\;D;\SQL2022僕砅跦\160\DTS\Binn\;C:;Program Files\nodejs\;D:\Git\Git\cmd;D:\SQL2022僕砅\170\Tools\Binn\;D:\vivo域鼠杶璃\pcsuite\;D:\cursor\resources\app\bin;C:\Program Files\nodejs\;C:\Users\LENOVO\.local\bin;d:\Trae CN\bin;C:\Program Files\MySQL\MySQL Shell 8.0\bin\;C:\Users\LENOVO\AppData\Local\Programs\Python\Python313\Scripts\;C:\Users\LENOVO\AppData\Local\Programs\Python\Python313\;C:\Users\LENOVO\AppData\Local\Microsoft\WindowsApps;D:\VSCode\Microsoft VS Code\bin;C:\Users\LENOVO\AppData\Local\GitHubDesktop\bin;C:\Users\LENOVO\.dotnet\tools;C:\Users\LENOVO\AppData\Roaming\npm;C:\Users\LENOVO\Desktop\mingw-w64-gcc-13.4-stable-r42\bin;D:\anaconda;D:\anaconda\Scripts;D:\anaconda\Library\bin;D:\anaconda\Library\mingw-w64\bin;D:\hadoop\hadoop-2.7.7\bin;C:\Program Files\Eclipse Adoptium\jdk-17.0.16.8-hotspot\bin;;d:\Trae CN\resources\app\bin\lib
USERNAME=LENOVO
OS=Windows_NT
PROCESSOR_IDENTIFIER=Intel64 Family 6 Model 142 Stepping 10, GenuineIntel
TMP=C:\Users\LENOVO\AppData\Local\Temp
TEMP=C:\Users\LENOVO\AppData\Local\Temp



Periodic native trim disabled


---------------  S Y S T E M  ---------------

OS:
 Windows 11 , 64 bit Build 22000 (10.0.22000.2538)
OS uptime: 0 days 0:51 hours

CPU: total 8 (initial active 8) (4 cores per cpu, 2 threads per core) family 6 model 142 stepping 10 microcode 0xf0, cx8, cmov, fxsr, ht, mmx, 3dnowpref, sse, sse2, sse3, ssse3, sse4.1, sse4.2, popcnt, lzcnt, tsc, tscinvbit, avx, avx2, aes, erms, clmul, bmi1, bmi2, rtm, adx, fma, vzeroupper, clflush, clflushopt
Processor Information for all 8 processors :
  Max Mhz: 2112, Current Mhz: 1910, Mhz Limit: 1900

Memory: 4k page, system-wide physical 16218M (405M free)
TotalPageFile size 19066M (AvailPageFile size 8M)
current process WorkingSet (physical memory assigned to process): 163M, peak: 166M
current process commit charge ("private bytes"): 402M, peak: 404M

vm_info: OpenJDK 64-Bit Server VM (17.0.16+8) for windows-amd64 JRE (17.0.16+8), built on Jul 16 2025 10:37:56 by "admin" with MS VC++ 17.7 (VS2022)

END.
